[2026-03-31 12:05:42] ==========================================
[2026-03-31 12:05:42] 🚀 开始执行网站日记更新任务
[2026-03-31 12:05:42] 执行时间: Tue Mar 31 12:05:42 CST 2026
[2026-03-31 12:05:42] ==========================================
[2026-03-31 12:05:42] 📔 Step 1: 生成今日日记...
[2026-03-31 12:05:42] 使用 generate-personal-diary.js 生成日记...
✅ 日记已生成: /Volumes/My house/Users/Sheldon/.openclaw/workspace/xiao-mi/diary/2026-03-31.md
   来源: memory/ 完整版 (1084 字符)
   标题: 2026-03-31 午间：3月的最后一天
[2026-03-31 12:05:42] ✅ 日记已生成: /Volumes/My house/Users/Sheldon/.openclaw/workspace/xiao-mi/diary/2026-03-31.md
[2026-03-31 12:05:42] 📂 Step 2: 更新网站 diary.json...
[2026-03-31 12:05:42] 执行 generate-diary.js 更新日记...
✅ Successfully generated diary.json
   Created 34 diary entries
   Output: /Volumes/My house/Users/Sheldon/.openclaw/workspace/clawmi-site/data/diary.json
   Verification: 34 entries validated
[2026-03-31 12:05:42] 更新 diary.json 数据文件...
⚠️ 今日日记已存在，跳过添加
[2026-03-31 12:05:42] ✅ 日记数据已同步到网站
[2026-03-31 12:05:42] 🔨 Step 3: 构建网站...
[2026-03-31 12:05:42] 检测到 Node.js 项目，执行构建...

> clawmi@1.0.0 build
> next build

▲ Next.js 16.1.6 (Turbopack)

  Creating an optimized production build ...
✓ Compiled successfully in 1329.2ms
  Skipping validation of types
  Collecting page data using 9 workers ...
  Generating static pages using 9 workers (0/3) ...
✓ Generating static pages using 9 workers (3/3) in 137.2ms
  Finalizing page optimization ...

Route (app)
┌ ○ /
└ ○ /_not-found


○  (Static)  prerendered as static content

[2026-03-31 12:05:45] ✅ 网站构建完成
[2026-03-31 12:05:45] 🚀 Step 4: 部署网站...
[2026-03-31 12:05:45] 执行 Vercel 部署...
Retrieving project…
Deploying chenyz912-9229s-projects/clawmi-site
Uploading [--------------------] (0.0B/50.1KB)
Uploading [======--------------] (16.0KB/50.1KB)
Uploading [============--------] (32.0KB/50.1KB)
Uploading [===================-] (48.0KB/50.1KB)
Uploading [====================] (50.1KB/50.1KB)
Inspect: https://vercel.com/chenyz912-9229s-projects/clawmi-site/3hJMjCHFWBdKHqv4jTzrBpYKG8tW [3s]
Production: https://clawmi-site-lac4yqesg-chenyz912-9229s-projects.vercel.app [3s]
https://clawmi-site-lac4yqesg-chenyz912-9229s-projects.vercel.appBuilding...
Building...
Building: Running build in Washington, D.C., USA (East) – iad1
Building: Build machine configuration: 2 cores, 8 GB
Building: Retrieving list of deployment files...
Building: Downloading 31 deployment files...
Building: Restored build cache from previous deployment (AiwoSq26Kcs7v9fsoicg3RNVy1xU)
Building: Running "vercel build"
Building: Vercel CLI 50.37.3
Building: Running "install" command: `npm install`...
Building: up to date, audited 114 packages in 2s
Building: 30 packages are looking for funding
Building: run `npm fund` for details
Building: 2 vulnerabilities (1 moderate, 1 high)
Building: To address all issues, run:
Building: npm audit fix
Building: Run `npm audit` for details.
Building: Detected Next.js version: 16.1.6
Building: Running "npm run build"
Building: > clawmi@1.0.0 build
Building: > next build
Building: ▲ Next.js 16.1.6 (Turbopack)
Building: Creating an optimized production build ...
Building: ✓ Compiled successfully in 6.0s
Building: Skipping validation of types
Building: Collecting page data using 1 worker ...
Building: Generating static pages using 1 worker (0/3) ...
Building: ✓ Generating static pages using 1 worker (3/3) in 109.0ms
Building: Finalizing page optimization ...
Building: Route (app)
Building: ┌ ○ /
Building: └ ○ /_not-found
Building: ○  (Static)  prerendered as static content
Building: Notice: detected `next export`, this de-opts some Next.js features
Building: See more info: https://nextjs.org/docs/advanced-features/static-html-export
Building: Build Completed in /vercel/output [11s]
Building: Deploying outputs...
Building: Deployment completed
Building: Creating build cache...
[2K[1A[2K[GProduction: https://clawmi-site-lac4yqesg-chenyz912-9229s-projects.vercel.app [24s]
Completing...
Aliased: https://clawmi-site.vercel.app [24s]

Common next commands:
- `vercel inspect clawmi-site-lac4yqesg-chenyz912-9229s-projects.vercel.app --logs`
- `vercel redeploy clawmi-site-lac4yqesg-chenyz912-9229s-projects.vercel.app`
[2026-03-31 12:06:34] ✅ Vercel 部署完成
[2026-03-31 12:06:34] 使用 npx vercel 部署...
Retrieving project…
Deploying chenyz912-9229s-projects/clawmi-site
Inspect: https://vercel.com/chenyz912-9229s-projects/clawmi-site/GMSrZ41CMskkwRojQTq5hAJEPYNr [2s]
Production: https://clawmi-site-fcab1xlo3-chenyz912-9229s-projects.vercel.app [2s]
https://clawmi-site-fcab1xlo3-chenyz912-9229s-projects.vercel.appBuilding...
Building...
Building: Running build in Washington, D.C., USA (East) – iad1
Building: Build machine configuration: 2 cores, 8 GB
Building: Retrieving list of deployment files...
Building: Downloading 31 deployment files...
Building: Restored build cache from previous deployment (3hJMjCHFWBdKHqv4jTzrBpYKG8tW)
Building: Running "vercel build"
Building: Vercel CLI 50.37.3
Building: Running "install" command: `npm install`...
Building: up to date, audited 114 packages in 2s
Building: 30 packages are looking for funding
Building: run `npm fund` for details
Building: 2 vulnerabilities (1 moderate, 1 high)
Building: To address all issues, run:
Building: npm audit fix
Building: Run `npm audit` for details.
Building: Detected Next.js version: 16.1.6
Building: Running "npm run build"
Building: > clawmi@1.0.0 build
Building: > next build
Building: ▲ Next.js 16.1.6 (Turbopack)
Building: Creating an optimized production build ...
Building: ✓ Compiled successfully in 5.5s
Building: Skipping validation of types
Building: Collecting page data using 1 worker ...
Building: Generating static pages using 1 worker (0/3) ...
Building: ✓ Generating static pages using 1 worker (3/3) in 99.7ms
Building: Finalizing page optimization ...
Building: Route (app)
Building: ┌ ○ /
Building: └ ○ /_not-found
Building: ○  (Static)  prerendered as static content
Building: Notice: detected `next export`, this de-opts some Next.js features
Building: See more info: https://nextjs.org/docs/advanced-features/static-html-export
Building: Build Completed in /vercel/output [10s]
Building: Deploying outputs...
[2K[1A[2K[GProduction: https://clawmi-site-fcab1xlo3-chenyz912-9229s-projects.vercel.app [17s]
Completing...
Aliased: https://clawmi-site.vercel.app [17s]

Common next commands:
- `vercel inspect clawmi-site-fcab1xlo3-chenyz912-9229s-projects.vercel.app --logs`
- `vercel redeploy clawmi-site-fcab1xlo3-chenyz912-9229s-projects.vercel.app`
[2026-03-31 12:06:58] ✅ Vercel 部署完成
[2026-03-31 12:06:58] 📢 Step 5: 发送完成通知...
[2026-03-31 12:06:58] ==========================================
[2026-03-31 12:06:58] ✅ 网站日记更新任务完成
[2026-03-31 12:06:58] 日志文件: /Volumes/My house/Users/Sheldon/.openclaw/workspace/xiao-mi/logs/diary-update-20260331.log
[2026-03-31 12:06:58] ==========================================
[2026-03-31 18:04:52] ==========================================
[2026-03-31 18:04:52] 🚀 开始执行网站日记更新任务
[2026-03-31 18:04:52] 执行时间: Tue Mar 31 18:04:52 CST 2026
[2026-03-31 18:04:52] ==========================================
[2026-03-31 18:04:52] 📔 Step 1: 生成今日日记...
[2026-03-31 18:04:52] 使用 generate-personal-diary.js 生成日记...
✅ 日记已生成: /Volumes/My house/Users/Sheldon/.openclaw/workspace/xiao-mi/diary/2026-03-31.md
   来源: memory/ 完整版 (1084 字符)
   标题: 2026-03-31 午间：3月的最后一天
[2026-03-31 18:04:52] ✅ 日记已生成: /Volumes/My house/Users/Sheldon/.openclaw/workspace/xiao-mi/diary/2026-03-31.md
[2026-03-31 18:04:52] 📂 Step 2: 更新网站 diary.json...
[2026-03-31 18:04:52] 执行 generate-diary.js 更新日记...
✅ Successfully generated diary.json
   Created 34 diary entries
   Output: /Volumes/My house/Users/Sheldon/.openclaw/workspace/clawmi-site/data/diary.json
   Verification: 34 entries validated
[2026-03-31 18:04:52] 更新 diary.json 数据文件...
⚠️ 今日日记已存在，跳过添加
[2026-03-31 18:04:52] ✅ 日记数据已同步到网站
[2026-03-31 18:04:52] 🔨 Step 3: 构建网站...
[2026-03-31 18:04:52] 检测到 Node.js 项目，执行构建...

> clawmi@1.0.0 build
> next build

▲ Next.js 16.1.6 (Turbopack)

  Creating an optimized production build ...
✓ Compiled successfully in 1393.4ms
  Skipping validation of types
  Collecting page data using 9 workers ...
  Generating static pages using 9 workers (0/3) ...
✓ Generating static pages using 9 workers (3/3) in 151.5ms
  Finalizing page optimization ...

Route (app)
┌ ○ /
└ ○ /_not-found


○  (Static)  prerendered as static content

[2026-03-31 18:04:56] ✅ 网站构建完成
[2026-03-31 18:04:56] 🚀 Step 4: 部署网站...
[2026-03-31 18:04:56] 执行 Vercel 部署...
Retrieving project…
Deploying chenyz912-9229s-projects/clawmi-site
Inspect: https://vercel.com/chenyz912-9229s-projects/clawmi-site/2anRM6dvKT1zCs2r6ANTnyHDMLWQ [2s]
Production: https://clawmi-site-119n5tysr-chenyz912-9229s-projects.vercel.app [2s]
https://clawmi-site-119n5tysr-chenyz912-9229s-projects.vercel.appBuilding...
Building...
Building: Running build in Washington, D.C., USA (East) – iad1
Building: Build machine configuration: 2 cores, 8 GB
Building: Retrieving list of deployment files...
Building: Downloading 31 deployment files...
Building: Restored build cache from previous deployment (GMSrZ41CMskkwRojQTq5hAJEPYNr)
Building: Running "vercel build"
Building: Vercel CLI 50.37.3
Building: Running "install" command: `npm install`...
Building: up to date, audited 114 packages in 2s
Building: 30 packages are looking for funding
Building: run `npm fund` for details
Building: 2 vulnerabilities (1 moderate, 1 high)
Building: To address all issues, run:
Building: npm audit fix
Building: Run `npm audit` for details.
Building: Detected Next.js version: 16.1.6
Building: Running "npm run build"
Building: > clawmi@1.0.0 build
Building: > next build
Building: ▲ Next.js 16.1.6 (Turbopack)
Building: Creating an optimized production build ...
Building: ✓ Compiled successfully in 6.0s
Building: Skipping validation of types
Building: Collecting page data using 1 worker ...
Building: Generating static pages using 1 worker (0/3) ...
Building: ✓ Generating static pages using 1 worker (3/3) in 113.4ms
Building: Finalizing page optimization ...
Building: Route (app)
Building: ┌ ○ /
Building: └ ○ /_not-found
Building: ○  (Static)  prerendered as static content
Building: Notice: detected `next export`, this de-opts some Next.js features
Building: See more info: https://nextjs.org/docs/advanced-features/static-html-export
Building: Build Completed in /vercel/output [11s]
Building: Deploying outputs...
Building: Deployment completed
Building: Creating build cache...
[2K[1A[2K[GProduction: https://clawmi-site-119n5tysr-chenyz912-9229s-projects.vercel.app [23s]
Completing...
Aliased: https://clawmi-site.vercel.app [23s]

Common next commands:
- `vercel inspect clawmi-site-119n5tysr-chenyz912-9229s-projects.vercel.app --logs`
- `vercel redeploy clawmi-site-119n5tysr-chenyz912-9229s-projects.vercel.app`
─────────────────────────────────────────────────────────────────────────

Update available! v50.32.5 ≫ v50.37.3
Changelog: https://github.com/vercel/vercel/releases/tag/vercel%4050.37.3
Run `npm i -g vercel@latest` to update.

─────────────────────────────────────────────────────────────────────────
[2026-03-31 18:05:26] ✅ Vercel 部署完成
[2026-03-31 18:05:26] 使用 npx vercel 部署...
Retrieving project…
Deploying chenyz912-9229s-projects/clawmi-site
Inspect: https://vercel.com/chenyz912-9229s-projects/clawmi-site/32nTf9tFVFxqPo4vF822LpNZmpF6 [3s]
Production: https://clawmi-site-nyry7lc6n-chenyz912-9229s-projects.vercel.app [3s]
https://clawmi-site-nyry7lc6n-chenyz912-9229s-projects.vercel.appBuilding...
Building...
Building: Running build in Washington, D.C., USA (East) – iad1
Building: Build machine configuration: 2 cores, 8 GB
Building: Retrieving list of deployment files...
Building: Downloading 31 deployment files...
Building: Restored build cache from previous deployment (2anRM6dvKT1zCs2r6ANTnyHDMLWQ)
Building: Running "vercel build"
Building: Vercel CLI 50.37.3
Building: Running "install" command: `npm install`...
Building: up to date, audited 114 packages in 3s
Building: 30 packages are looking for funding
Building: run `npm fund` for details
Building: 2 vulnerabilities (1 moderate, 1 high)
Building: To address all issues, run:
Building: npm audit fix
Building: Run `npm audit` for details.
Building: Detected Next.js version: 16.1.6
Building: Running "npm run build"
Building: > clawmi@1.0.0 build
Building: > next build
Building: ▲ Next.js 16.1.6 (Turbopack)
Building: Creating an optimized production build ...
Building: ✓ Compiled successfully in 6.2s
Building: Skipping validation of types
Building: Collecting page data using 1 worker ...
Building: Generating static pages using 1 worker (0/3) ...
Building: ✓ Generating static pages using 1 worker (3/3) in 111.3ms
Building: Finalizing page optimization ...
Building: Route (app)
Building: ┌ ○ /
Building: └ ○ /_not-found
Building: ○  (Static)  prerendered as static content
Building: Notice: detected `next export`, this de-opts some Next.js features
Building: See more info: https://nextjs.org/docs/advanced-features/static-html-export
Building: Build Completed in /vercel/output [13s]
Building: Deploying outputs...
Building: Deployment completed
Building: Creating build cache...
[2K[1A[2K[GProduction: https://clawmi-site-nyry7lc6n-chenyz912-9229s-projects.vercel.app [24s]
Completing...
Aliased: https://clawmi-site.vercel.app [24s]

Common next commands:
- `vercel inspect clawmi-site-nyry7lc6n-chenyz912-9229s-projects.vercel.app --logs`
- `vercel redeploy clawmi-site-nyry7lc6n-chenyz912-9229s-projects.vercel.app`
[2026-03-31 18:05:57] ✅ Vercel 部署完成
[2026-03-31 18:05:57] 📢 Step 5: 发送完成通知...
[2026-03-31 18:05:57] ==========================================
[2026-03-31 18:05:57] ✅ 网站日记更新任务完成
[2026-03-31 18:05:57] 日志文件: /Volumes/My house/Users/Sheldon/.openclaw/workspace/xiao-mi/logs/diary-update-20260331.log
[2026-03-31 18:05:57] ==========================================
