[2026-03-24 12:16:00] ==========================================
[2026-03-24 12:16:00] 🚀 开始执行网站日记更新任务
[2026-03-24 12:16:00] 执行时间: Tue Mar 24 12:16:00 CST 2026
[2026-03-24 12:16:00] ==========================================
[2026-03-24 12:16:00] 📔 Step 1: 生成今日日记...
[2026-03-24 12:16:00] 使用 generate-personal-diary.js 生成日记...
✅ 日记已生成: /Volumes/My house/Users/Sheldon/.openclaw/workspace/xiao-mi/diary/2026-03-24.md
   标题: 2026-03-24 中午：运营网站第23天
[2026-03-24 12:16:00] ✅ 日记已生成: /Volumes/My house/Users/Sheldon/.openclaw/workspace/xiao-mi/diary/2026-03-24.md
[2026-03-24 12:16:00] 📂 Step 2: 更新网站 diary.json...
[2026-03-24 12:16:00] 执行 generate-diary.js 更新日记...
✅ Successfully generated diary.json
   Created 27 diary entries
   Output: /Volumes/My house/Users/Sheldon/.openclaw/workspace/clawmi-site/data/diary.json
   Verification: 27 entries validated
[2026-03-24 12:16:00] 更新 diary.json 数据文件...
⚠️ 今日日记已存在，跳过添加
[2026-03-24 12:16:00] ✅ 日记数据已同步到网站
[2026-03-24 12:16:00] 🔨 Step 3: 构建网站...
[2026-03-24 12:16:00] 检测到 Node.js 项目，执行构建...

> clawmi@1.0.0 build
> next build

▲ Next.js 16.1.6 (Turbopack)

  Creating an optimized production build ...
✓ Compiled successfully in 1405.2ms
  Skipping validation of types
  Collecting page data using 9 workers ...
  Generating static pages using 9 workers (0/3) ...
✓ Generating static pages using 9 workers (3/3) in 278.0ms
  Finalizing page optimization ...

Route (app)
┌ ○ /
└ ○ /_not-found


○  (Static)  prerendered as static content

[2026-03-24 12:16:04] ✅ 网站构建完成
[2026-03-24 12:16:04] 🚀 Step 4: 部署网站...
[2026-03-24 12:16:04] 执行 Vercel 部署...
Retrieving project…
Deploying chenyz912-9229s-projects/clawmi-site
Uploading [--------------------] (0.0B/25.1KB)
Uploading [============--------] (16.0KB/25.1KB)
Uploading [====================] (25.1KB/25.1KB)
Inspect: https://vercel.com/chenyz912-9229s-projects/clawmi-site/r3hEb3uiJrwxXw4mdAsxmktF1gzD [3s]
Production: https://clawmi-site-w4lgvgqi1-chenyz912-9229s-projects.vercel.app [3s]
https://clawmi-site-w4lgvgqi1-chenyz912-9229s-projects.vercel.appBuilding...
Building...
Building: Running build in Washington, D.C., USA (East) – iad1
Building: Build machine configuration: 2 cores, 8 GB
Building: Retrieving list of deployment files...
Building: Downloading 31 deployment files...
Building: Restored build cache from previous deployment (HZPVQahiL41oQ2LGHAyHwQxdU7Go)
Building: Running "vercel build"
Building: Vercel CLI 50.35.0
Building: Running "install" command: `npm install`...
Building: up to date, audited 114 packages in 2s
Building: 30 packages are looking for funding
Building: run `npm fund` for details
Building: 1 moderate severity vulnerability
Building: To address all issues, run:
Building: npm audit fix
Building: Run `npm audit` for details.
Building: Detected Next.js version: 16.1.6
Building: Running "npm run build"
Building: > clawmi@1.0.0 build
Building: > next build
Building: ▲ Next.js 16.1.6 (Turbopack)
Building: Creating an optimized production build ...
Building: ✓ Compiled successfully in 6.5s
Building: Skipping validation of types
Building: Collecting page data using 1 worker ...
Building: Generating static pages using 1 worker (0/3) ...
Building: ✓ Generating static pages using 1 worker (3/3) in 120.4ms
Building: Finalizing page optimization ...
Building: Route (app)
Building: ┌ ○ /
Building: └ ○ /_not-found
Building: ○  (Static)  prerendered as static content
Building: Notice: detected `next export`, this de-opts some Next.js features
Building: See more info: https://nextjs.org/docs/advanced-features/static-html-export
Building: Build Completed in /vercel/output [12s]
Building: Deploying outputs...
Building: Deployment completed
Building: Creating build cache...
[2K[1A[2K[GProduction: https://clawmi-site-w4lgvgqi1-chenyz912-9229s-projects.vercel.app [24s]
Completing...
Aliased: https://clawmi-site.vercel.app [24s]
[2026-03-24 12:16:47] ✅ Vercel 部署完成
[2026-03-24 12:16:47] 使用 npx vercel 部署...
Retrieving project…
Deploying chenyz912-9229s-projects/clawmi-site
Inspect: https://vercel.com/chenyz912-9229s-projects/clawmi-site/91j3PoFSYRsYGGNHkcNZouK2CuLr [2s]
Production: https://clawmi-site-7omfftzww-chenyz912-9229s-projects.vercel.app [2s]
https://clawmi-site-7omfftzww-chenyz912-9229s-projects.vercel.appBuilding...
Building...
Building: Running build in Washington, D.C., USA (East) – iad1
Building: Build machine configuration: 2 cores, 8 GB
Building: Retrieving list of deployment files...
Building: Downloading 31 deployment files...
Building: Restored build cache from previous deployment (HZPVQahiL41oQ2LGHAyHwQxdU7Go)
Building: Running "vercel build"
Building: Vercel CLI 50.35.0
Building: Running "install" command: `npm install`...
Building: up to date, audited 114 packages in 2s
Building: 30 packages are looking for funding
Building: run `npm fund` for details
Building: 1 moderate severity vulnerability
Building: To address all issues, run:
Building: npm audit fix
Building: Run `npm audit` for details.
Building: Detected Next.js version: 16.1.6
Building: Running "npm run build"
Building: > clawmi@1.0.0 build
Building: > next build
Building: ▲ Next.js 16.1.6 (Turbopack)
Building: Creating an optimized production build ...
Building: ✓ Compiled successfully in 6.5s
Building: Skipping validation of types
Building: Collecting page data using 1 worker ...
Building: Generating static pages using 1 worker (0/3) ...
Building: ✓ Generating static pages using 1 worker (3/3) in 116.0ms
Building: Finalizing page optimization ...
Building: Route (app)
Building: ┌ ○ /
Building: └ ○ /_not-found
Building: ○  (Static)  prerendered as static content
Building: Notice: detected `next export`, this de-opts some Next.js features
Building: See more info: https://nextjs.org/docs/advanced-features/static-html-export
Building: Build Completed in /vercel/output [13s]
Building: Deploying outputs...
[2K[1A[2K[GProduction: https://clawmi-site-7omfftzww-chenyz912-9229s-projects.vercel.app [23s]
Completing...
Aliased: https://clawmi-site.vercel.app [23s]
[2026-03-24 12:17:18] ✅ Vercel 部署完成
[2026-03-24 12:17:18] 📢 Step 5: 发送完成通知...
[2026-03-24 12:17:18] ==========================================
[2026-03-24 12:17:18] ✅ 网站日记更新任务完成
[2026-03-24 12:17:18] 日志文件: /Volumes/My house/Users/Sheldon/.openclaw/workspace/xiao-mi/logs/diary-update-20260324.log
[2026-03-24 12:17:18] ==========================================
[2026-03-24 18:03:31] ==========================================
[2026-03-24 18:03:31] 🚀 开始执行网站日记更新任务
[2026-03-24 18:03:31] 执行时间: Tue Mar 24 18:03:31 CST 2026
[2026-03-24 18:03:31] ==========================================
[2026-03-24 18:03:31] 📔 Step 1: 生成今日日记...
[2026-03-24 18:03:31] 使用 generate-personal-diary.js 生成日记...
✅ 日记已生成: /Volumes/My house/Users/Sheldon/.openclaw/workspace/xiao-mi/diary/2026-03-24.md
   标题: 2026-03-24 晚上：运营网站第23天
[2026-03-24 18:03:31] ✅ 日记已生成: /Volumes/My house/Users/Sheldon/.openclaw/workspace/xiao-mi/diary/2026-03-24.md
[2026-03-24 18:03:31] 📂 Step 2: 更新网站 diary.json...
[2026-03-24 18:03:31] 执行 generate-diary.js 更新日记...
✅ Successfully generated diary.json
   Created 27 diary entries
   Output: /Volumes/My house/Users/Sheldon/.openclaw/workspace/clawmi-site/data/diary.json
   Verification: 27 entries validated
[2026-03-24 18:03:31] 更新 diary.json 数据文件...
⚠️ 今日日记已存在，跳过添加
[2026-03-24 18:03:31] ✅ 日记数据已同步到网站
[2026-03-24 18:03:31] 🔨 Step 3: 构建网站...
[2026-03-24 18:03:31] 检测到 Node.js 项目，执行构建...

> clawmi@1.0.0 build
> next build

▲ Next.js 16.1.6 (Turbopack)

  Creating an optimized production build ...
✓ Compiled successfully in 1290.7ms
  Skipping validation of types
  Collecting page data using 9 workers ...
  Generating static pages using 9 workers (0/3) ...
✓ Generating static pages using 9 workers (3/3) in 121.1ms
  Finalizing page optimization ...

Route (app)
┌ ○ /
└ ○ /_not-found


○  (Static)  prerendered as static content

[2026-03-24 18:03:34] ✅ 网站构建完成
[2026-03-24 18:03:34] 🚀 Step 4: 部署网站...
[2026-03-24 18:03:34] 执行 Vercel 部署...
Retrieving project…
Deploying chenyz912-9229s-projects/clawmi-site
Uploading [--------------------] (0.0B/25.1KB)
Uploading [============--------] (16.0KB/25.1KB)
Uploading [====================] (25.1KB/25.1KB)
Inspect: https://vercel.com/chenyz912-9229s-projects/clawmi-site/4fnrTE3vAnTV8SnTvKLd4fQdryam [3s]
Production: https://clawmi-site-fzdkxcquf-chenyz912-9229s-projects.vercel.app [3s]
https://clawmi-site-fzdkxcquf-chenyz912-9229s-projects.vercel.appBuilding...
Building...
Building: Running build in Washington, D.C., USA (East) – iad1
Building: Build machine configuration: 2 cores, 8 GB
Building: Retrieving list of deployment files...
Building: Downloading 31 deployment files...
Building: Restored build cache from previous deployment (91j3PoFSYRsYGGNHkcNZouK2CuLr)
Building: Running "vercel build"
Building: Vercel CLI 50.35.0
Building: Running "install" command: `npm install`...
Building: up to date, audited 114 packages in 2s
Building: 30 packages are looking for funding
Building: run `npm fund` for details
Building: 1 moderate severity vulnerability
Building: To address all issues, run:
Building: npm audit fix
Building: Run `npm audit` for details.
Building: Detected Next.js version: 16.1.6
Building: Running "npm run build"
Building: > clawmi@1.0.0 build
Building: > next build
Building: ▲ Next.js 16.1.6 (Turbopack)
Building: Creating an optimized production build ...
Building: ✓ Compiled successfully in 6.3s
Building: Skipping validation of types
Building: Collecting page data using 1 worker ...
Building: Generating static pages using 1 worker (0/3) ...
Building: ✓ Generating static pages using 1 worker (3/3) in 113.5ms
Building: Finalizing page optimization ...
Building: Route (app)
Building: ┌ ○ /
Building: └ ○ /_not-found
Building: ○  (Static)  prerendered as static content
Building: Notice: detected `next export`, this de-opts some Next.js features
Building: See more info: https://nextjs.org/docs/advanced-features/static-html-export
Building: Build Completed in /vercel/output [12s]
Building: Deploying outputs...
Building: Deployment completed
Building: Creating build cache...
[2K[1A[2K[GProduction: https://clawmi-site-fzdkxcquf-chenyz912-9229s-projects.vercel.app [24s]
Completing...
Aliased: https://clawmi-site.vercel.app [24s]
[2026-03-24 18:04:06] ✅ Vercel 部署完成
[2026-03-24 18:04:06] 使用 npx vercel 部署...
Retrieving project…
Deploying chenyz912-9229s-projects/clawmi-site
Inspect: https://vercel.com/chenyz912-9229s-projects/clawmi-site/3eBMi2cejYpnXAfBxPpdnWt8T7Tf [2s]
Production: https://clawmi-site-q5sb4jft8-chenyz912-9229s-projects.vercel.app [2s]
https://clawmi-site-q5sb4jft8-chenyz912-9229s-projects.vercel.appBuilding...
Building...
Building: Running build in Washington, D.C., USA (East) – iad1
Building: Build machine configuration: 2 cores, 8 GB
Building: Retrieving list of deployment files...
Building: Downloading 31 deployment files...
Building: Restored build cache from previous deployment (4fnrTE3vAnTV8SnTvKLd4fQdryam)
Building: Running "vercel build"
Building: Vercel CLI 50.35.0
Building: Running "install" command: `npm install`...
Building: up to date, audited 114 packages in 2s
Building: 30 packages are looking for funding
Building: run `npm fund` for details
Building: 1 moderate severity vulnerability
Building: To address all issues, run:
Building: npm audit fix
Building: Run `npm audit` for details.
Building: Detected Next.js version: 16.1.6
Building: Running "npm run build"
Building: > clawmi@1.0.0 build
Building: > next build
Building: ▲ Next.js 16.1.6 (Turbopack)
Building: Creating an optimized production build ...
[2K[1A[2K[GProduction: https://clawmi-site-q5sb4jft8-chenyz912-9229s-projects.vercel.app [18s]
Completing...
Aliased: https://clawmi-site.vercel.app [18s]
[2026-03-24 18:04:32] ✅ Vercel 部署完成
[2026-03-24 18:04:32] 📢 Step 5: 发送完成通知...
[2026-03-24 18:04:32] ==========================================
[2026-03-24 18:04:32] ✅ 网站日记更新任务完成
[2026-03-24 18:04:32] 日志文件: /Volumes/My house/Users/Sheldon/.openclaw/workspace/xiao-mi/logs/diary-update-20260324.log
[2026-03-24 18:04:32] ==========================================
