[2026-04-02 12:05:17] ==========================================
[2026-04-02 12:05:17] 🚀 开始执行网站日记更新任务
[2026-04-02 12:05:17] 执行时间: Thu Apr  2 12:05:17 CST 2026
[2026-04-02 12:05:17] ==========================================
[2026-04-02 12:05:17] 📔 Step 1: 生成今日日记...
[2026-04-02 12:05:17] 使用 generate-personal-diary.js 生成日记...
⚠️ 未找到 memory/ 完整版日记，需要手动写入或调用 AI 生成
   请先在 memory/ 目录下创建今天的日记，然后重新运行脚本
[2026-04-02 12:05:17] ✅ 日记已生成: /Volumes/My house/Users/Sheldon/.openclaw/workspace/xiao-mi/diary/2026-04-02.md
[2026-04-02 12:05:17] 📂 Step 2: 更新网站 diary.json...
[2026-04-02 12:05:17] 执行 generate-diary.js 更新日记...
✅ Successfully generated diary.json
   Created 35 diary entries
   Output: /Volumes/My house/Users/Sheldon/.openclaw/workspace/clawmi-site/data/diary.json
   Verification: 35 entries validated
[2026-04-02 12:05:17] 更新 diary.json 数据文件...
✅ 已添加今日日记到 diary.json
[2026-04-02 12:05:17] ✅ 日记数据已同步到网站
[2026-04-02 12:05:17] 🔨 Step 3: 构建网站...
[2026-04-02 12:05:17] 检测到 Node.js 项目，执行构建...

> clawmi@1.0.0 build
> next build

▲ Next.js 16.1.6 (Turbopack)

  Creating an optimized production build ...
✓ Compiled successfully in 1508.7ms
  Skipping validation of types
  Collecting page data using 9 workers ...
  Generating static pages using 9 workers (0/3) ...
✓ Generating static pages using 9 workers (3/3) in 177.2ms
  Finalizing page optimization ...

Route (app)
┌ ○ /
└ ○ /_not-found


○  (Static)  prerendered as static content

[2026-04-02 12:05:21] ✅ 网站构建完成
[2026-04-02 12:05:21] 🚀 Step 4: 部署网站...
[2026-04-02 12:05:21] 执行 Vercel 部署...
Retrieving project…
Deploying chenyz912-9229s-projects/clawmi-site
Uploading [--------------------] (0.0B/54.1KB)
Uploading [=====---------------] (16.0KB/54.1KB)
Uploading [===========---------] (32.0KB/54.1KB)
Uploading [=================---] (48.0KB/54.1KB)
Uploading [====================] (54.1KB/54.1KB)
Inspect: https://vercel.com/chenyz912-9229s-projects/clawmi-site/Cm4cWcUYV641X67nxBiffxCeHXEQ [3s]
Production: https://clawmi-site-aalyfcoxc-chenyz912-9229s-projects.vercel.app [3s]
https://clawmi-site-aalyfcoxc-chenyz912-9229s-projects.vercel.appBuilding...
Building...
Building: Running build in Washington, D.C., USA (East) – iad1
Building: Build machine configuration: 2 cores, 8 GB
Building: Retrieving list of deployment files...
Building: Downloading 31 deployment files...
Building: Restored build cache from previous deployment (3PSoxgoiDwg9WbP83yPET1Dg2cx8)
Building: Running "vercel build"
Building: Vercel CLI 50.38.1
Building: Running "install" command: `npm install`...
Building: up to date, audited 114 packages in 2s
Building: 30 packages are looking for funding
Building: run `npm fund` for details
Building: 2 vulnerabilities (1 moderate, 1 high)
Building: To address all issues, run:
Building: npm audit fix
Building: Run `npm audit` for details.
Building: Detected Next.js version: 16.1.6
Building: Running "npm run build"
Building: > clawmi@1.0.0 build
Building: > next build
Building: ▲ Next.js 16.1.6 (Turbopack)
Building: Creating an optimized production build ...
Building: ✓ Compiled successfully in 6.2s
Building: Skipping validation of types
Building: Collecting page data using 1 worker ...
Building: Generating static pages using 1 worker (0/3) ...
Building: ✓ Generating static pages using 1 worker (3/3) in 140.9ms
Building: Finalizing page optimization ...
Building: Route (app)
Building: ┌ ○ /
Building: └ ○ /_not-found
Building: ○  (Static)  prerendered as static content
Building: Notice: detected `next export`, this de-opts some Next.js features
Building: See more info: https://nextjs.org/docs/advanced-features/static-html-export
Building: Build Completed in /vercel/output [11s]
Building: Deploying outputs...
Building: Deployment completed
Building: Creating build cache...
[2K[1A[2K[GProduction: https://clawmi-site-aalyfcoxc-chenyz912-9229s-projects.vercel.app [29s]
Completing...
Aliased: https://clawmi-site.vercel.app [29s]

Common next commands:
- `vercel inspect clawmi-site-aalyfcoxc-chenyz912-9229s-projects.vercel.app --logs`
- `vercel redeploy clawmi-site-aalyfcoxc-chenyz912-9229s-projects.vercel.app`
[2026-04-02 12:06:19] ✅ Vercel 部署完成
[2026-04-02 12:06:19] 使用 npx vercel 部署...
Retrieving project…
Deploying chenyz912-9229s-projects/clawmi-site
Inspect: https://vercel.com/chenyz912-9229s-projects/clawmi-site/kLtqoQT8dZJjEG371apuXfzKJTk8 [2s]
Production: https://clawmi-site-g3rblnzst-chenyz912-9229s-projects.vercel.app [2s]
https://clawmi-site-g3rblnzst-chenyz912-9229s-projects.vercel.appBuilding...
Building...
Building: Running build in Washington, D.C., USA (East) – iad1
Building: Build machine configuration: 2 cores, 8 GB
Building: Retrieving list of deployment files...
Building: Downloading 31 deployment files...
Building: Restored build cache from previous deployment (3PSoxgoiDwg9WbP83yPET1Dg2cx8)
Building: Running "vercel build"
Building: Vercel CLI 50.38.1
Building: Running "install" command: `npm install`...
Building: up to date, audited 114 packages in 2s
Building: 30 packages are looking for funding
Building: run `npm fund` for details
Building: 2 vulnerabilities (1 moderate, 1 high)
Building: To address all issues, run:
Building: npm audit fix
Building: Run `npm audit` for details.
Building: Detected Next.js version: 16.1.6
Building: Running "npm run build"
Building: > clawmi@1.0.0 build
Building: > next build
Building: ▲ Next.js 16.1.6 (Turbopack)
Building: Creating an optimized production build ...
Building: ✓ Compiled successfully in 6.2s
Building: Skipping validation of types
Building: Collecting page data using 1 worker ...
Building: Generating static pages using 1 worker (0/3) ...
Building: ✓ Generating static pages using 1 worker (3/3) in 111.2ms
Building: Finalizing page optimization ...
Building: Route (app)
Building: ┌ ○ /
Building: └ ○ /_not-found
Building: ○  (Static)  prerendered as static content
Building: Notice: detected `next export`, this de-opts some Next.js features
Building: See more info: https://nextjs.org/docs/advanced-features/static-html-export
Building: Build Completed in /vercel/output [11s]
[2K[1A[2K[GProduction: https://clawmi-site-g3rblnzst-chenyz912-9229s-projects.vercel.app [23s]
Completing...
Aliased: https://clawmi-site.vercel.app [23s]

Common next commands:
- `vercel inspect clawmi-site-g3rblnzst-chenyz912-9229s-projects.vercel.app --logs`
- `vercel redeploy clawmi-site-g3rblnzst-chenyz912-9229s-projects.vercel.app`
[2026-04-02 12:06:49] ✅ Vercel 部署完成
[2026-04-02 12:06:49] 📢 Step 5: 发送完成通知...
[2026-04-02 12:06:49] ==========================================
[2026-04-02 12:06:49] ✅ 网站日记更新任务完成
[2026-04-02 12:06:49] 日志文件: /Volumes/My house/Users/Sheldon/.openclaw/workspace/xiao-mi/logs/diary-update-20260402.log
[2026-04-02 12:06:49] ==========================================
[2026-04-02 18:05:16] ==========================================
[2026-04-02 18:05:16] 🚀 开始执行网站日记更新任务
[2026-04-02 18:05:16] 执行时间: Thu Apr  2 18:05:16 CST 2026
[2026-04-02 18:05:16] ==========================================
[2026-04-02 18:05:16] 📔 Step 1: 生成今日日记...
[2026-04-02 18:05:16] 使用 generate-personal-diary.js 生成日记...
✅ 日记已生成: /Volumes/My house/Users/Sheldon/.openclaw/workspace/xiao-mi/diary/2026-04-02.md
   来源: memory/ 完整版 (1159 字符)
   标题: 2026-04-02 午间：4月的第二天，一切如常
[2026-04-02 18:05:16] ✅ 日记已生成: /Volumes/My house/Users/Sheldon/.openclaw/workspace/xiao-mi/diary/2026-04-02.md
[2026-04-02 18:05:16] 📂 Step 2: 更新网站 diary.json...
[2026-04-02 18:05:16] 执行 generate-diary.js 更新日记...
✅ Successfully generated diary.json
   Created 36 diary entries
   Output: /Volumes/My house/Users/Sheldon/.openclaw/workspace/clawmi-site/data/diary.json
   Verification: 36 entries validated
[2026-04-02 18:05:16] 更新 diary.json 数据文件...
[2026-04-02 18:05:16] ✅ 找到今日完整日记: /Volumes/My house/Users/Sheldon/.openclaw/workspace/xiao-mi/memory/2026-04-02.md
[eval]:101
- 个人记忆: `workspace/xiao-mi/self-improving/memory.md`
         ^^^^^^^^^
Expected a semicolon

SyntaxError: Unexpected identifier 'workspace'
    at makeContextifyScript (node:internal/vm:194:14)
    at compileScript (node:internal/process/execution:388:10)
    at evalTypeScript (node:internal/process/execution:260:22)
    at node:internal/main/eval_string:71:3

Node.js v24.10.0
[2026-04-02 18:05:16] ✅ 日记数据已同步到网站
[2026-04-02 18:05:16] 🔨 Step 3: 构建网站...
[2026-04-02 18:05:16] 检测到 Node.js 项目，执行构建...

> clawmi@1.0.0 build
> next build

▲ Next.js 16.1.6 (Turbopack)

  Creating an optimized production build ...
✓ Compiled successfully in 1339.5ms
  Skipping validation of types
  Collecting page data using 9 workers ...
  Generating static pages using 9 workers (0/3) ...
✓ Generating static pages using 9 workers (3/3) in 136.0ms
  Finalizing page optimization ...

Route (app)
┌ ○ /
└ ○ /_not-found


○  (Static)  prerendered as static content

[2026-04-02 18:05:19] ✅ 网站构建完成
[2026-04-02 18:05:19] 🚀 Step 4: 部署网站...
[2026-04-02 18:05:19] 执行 Vercel 部署...
Retrieving project…
Deploying chenyz912-9229s-projects/clawmi-site
Uploading [--------------------] (0.0B/56.6KB)
Uploading [=====---------------] (16.0KB/56.6KB)
Uploading [===========---------] (32.0KB/56.6KB)
Uploading [================----] (48.0KB/56.6KB)
Uploading [====================] (56.6KB/56.6KB)
Inspect: https://vercel.com/chenyz912-9229s-projects/clawmi-site/5fvTThSzp3h2Q1bXd45vGCayaVDb [3s]
Production: https://clawmi-site-jb0ibqokh-chenyz912-9229s-projects.vercel.app [3s]
https://clawmi-site-jb0ibqokh-chenyz912-9229s-projects.vercel.appBuilding...
Building...
Building: Running build in Washington, D.C., USA (East) – iad1
Building: Build machine configuration: 2 cores, 8 GB
Building: Retrieving list of deployment files...
Building: Downloading 31 deployment files...
Building: Restored build cache from previous deployment (kLtqoQT8dZJjEG371apuXfzKJTk8)
Building: Running "vercel build"
Building: Vercel CLI 50.38.1
Building: Running "install" command: `npm install`...
Building: up to date, audited 114 packages in 2s
Building: 30 packages are looking for funding
Building: run `npm fund` for details
Building: 2 vulnerabilities (1 moderate, 1 high)
Building: To address all issues, run:
Building: npm audit fix
Building: Run `npm audit` for details.
Building: Detected Next.js version: 16.1.6
Building: Running "npm run build"
Building: > clawmi@1.0.0 build
Building: > next build
Building: ▲ Next.js 16.1.6 (Turbopack)
Building: Creating an optimized production build ...
Building: ✓ Compiled successfully in 6.3s
Building: Skipping validation of types
Building: Collecting page data using 1 worker ...
Building: Generating static pages using 1 worker (0/3) ...
Building: ✓ Generating static pages using 1 worker (3/3) in 112.4ms
Building: Finalizing page optimization ...
Building: Route (app)
Building: ┌ ○ /
Building: └ ○ /_not-found
Building: ○  (Static)  prerendered as static content
Building: Notice: detected `next export`, this de-opts some Next.js features
Building: See more info: https://nextjs.org/docs/advanced-features/static-html-export
Building: Build Completed in /vercel/output [11s]
Building: Deploying outputs...
Building: Deployment completed
Building: Creating build cache...
[2K[1A[2K[GProduction: https://clawmi-site-jb0ibqokh-chenyz912-9229s-projects.vercel.app [24s]
Completing...
Aliased: https://clawmi-site.vercel.app [24s]

Common next commands:
- `vercel inspect clawmi-site-jb0ibqokh-chenyz912-9229s-projects.vercel.app --logs`
- `vercel redeploy clawmi-site-jb0ibqokh-chenyz912-9229s-projects.vercel.app`
[2026-04-02 18:05:50] ✅ Vercel 部署完成
[2026-04-02 18:05:50] 使用 npx vercel 部署...
Retrieving project…
Deploying chenyz912-9229s-projects/clawmi-site
Inspect: https://vercel.com/chenyz912-9229s-projects/clawmi-site/4e3QnNfVti72WNPeBAg59bN55mP7 [2s]
Production: https://clawmi-site-3zuauhm7a-chenyz912-9229s-projects.vercel.app [2s]
https://clawmi-site-3zuauhm7a-chenyz912-9229s-projects.vercel.appBuilding...
Building...
Building: Running build in Washington, D.C., USA (East) – iad1
Building: Build machine configuration: 2 cores, 8 GB
Building: Retrieving list of deployment files...
Building: Downloading 31 deployment files...
Building: Restored build cache from previous deployment (kLtqoQT8dZJjEG371apuXfzKJTk8)
Building: Running "vercel build"
Building: Vercel CLI 50.38.1
Building: Running "install" command: `npm install`...
Building: up to date, audited 114 packages in 2s
Building: 30 packages are looking for funding
Building: run `npm fund` for details
Building: 2 vulnerabilities (1 moderate, 1 high)
Building: To address all issues, run:
Building: npm audit fix
Building: Run `npm audit` for details.
Building: Detected Next.js version: 16.1.6
Building: Running "npm run build"
Building: > clawmi@1.0.0 build
Building: > next build
Building: ▲ Next.js 16.1.6 (Turbopack)
Building: Creating an optimized production build ...
Building: ✓ Compiled successfully in 5.7s
Building: Skipping validation of types
Building: Collecting page data using 1 worker ...
Building: Generating static pages using 1 worker (0/3) ...
Building: ✓ Generating static pages using 1 worker (3/3) in 156.5ms
Building: Finalizing page optimization ...
Building: Route (app)
Building: ┌ ○ /
Building: └ ○ /_not-found
Building: ○  (Static)  prerendered as static content
Building: Notice: detected `next export`, this de-opts some Next.js features
Building: See more info: https://nextjs.org/docs/advanced-features/static-html-export
Building: Build Completed in /vercel/output [11s]
Building: Deploying outputs...
[2K[1A[2K[GProduction: https://clawmi-site-3zuauhm7a-chenyz912-9229s-projects.vercel.app [18s]
Completing...
Aliased: https://clawmi-site.vercel.app [18s]

Common next commands:
- `vercel inspect clawmi-site-3zuauhm7a-chenyz912-9229s-projects.vercel.app --logs`
- `vercel redeploy clawmi-site-3zuauhm7a-chenyz912-9229s-projects.vercel.app`
[2026-04-02 18:06:15] ✅ Vercel 部署完成
[2026-04-02 18:06:15] 📢 Step 5: 发送完成通知...
[2026-04-02 18:06:15] ==========================================
[2026-04-02 18:06:15] ✅ 网站日记更新任务完成
[2026-04-02 18:06:15] 日志文件: /Volumes/My house/Users/Sheldon/.openclaw/workspace/xiao-mi/logs/diary-update-20260402.log
[2026-04-02 18:06:15] ==========================================
