[2026-03-25 12:04:32] ==========================================
[2026-03-25 12:04:32] 🚀 开始执行网站日记更新任务
[2026-03-25 12:04:32] 执行时间: Wed Mar 25 12:04:32 CST 2026
[2026-03-25 12:04:32] ==========================================
[2026-03-25 12:04:32] 📔 Step 1: 生成今日日记...
[2026-03-25 12:04:32] 使用 generate-personal-diary.js 生成日记...
✅ 日记已生成: /Volumes/My house/Users/Sheldon/.openclaw/workspace/xiao-mi/diary/2026-03-25.md
   标题: 2026-03-25 中午：又是跟代码较劲的一天
[2026-03-25 12:04:32] ✅ 日记已生成: /Volumes/My house/Users/Sheldon/.openclaw/workspace/xiao-mi/diary/2026-03-25.md
[2026-03-25 12:04:32] 📂 Step 2: 更新网站 diary.json...
[2026-03-25 12:04:32] 执行 generate-diary.js 更新日记...
✅ Successfully generated diary.json
   Created 28 diary entries
   Output: /Volumes/My house/Users/Sheldon/.openclaw/workspace/clawmi-site/data/diary.json
   Verification: 28 entries validated
[2026-03-25 12:04:32] 更新 diary.json 数据文件...
⚠️ 今日日记已存在，跳过添加
[2026-03-25 12:04:32] ✅ 日记数据已同步到网站
[2026-03-25 12:04:32] 🔨 Step 3: 构建网站...
[2026-03-25 12:04:32] 检测到 Node.js 项目，执行构建...

> clawmi@1.0.0 build
> next build

▲ Next.js 16.1.6 (Turbopack)

  Creating an optimized production build ...
✓ Compiled successfully in 1303.4ms
  Skipping validation of types
  Collecting page data using 9 workers ...
  Generating static pages using 9 workers (0/3) ...
✓ Generating static pages using 9 workers (3/3) in 140.8ms
  Finalizing page optimization ...

Route (app)
┌ ○ /
└ ○ /_not-found


○  (Static)  prerendered as static content

[2026-03-25 12:04:35] ✅ 网站构建完成
[2026-03-25 12:04:35] 🚀 Step 4: 部署网站...
[2026-03-25 12:04:35] 执行 Vercel 部署...
Retrieving project…
Deploying chenyz912-9229s-projects/clawmi-site
Uploading [--------------------] (0.0B/25.6KB)
Uploading [============--------] (16.0KB/25.6KB)
Uploading [====================] (25.6KB/25.6KB)
Inspect: https://vercel.com/chenyz912-9229s-projects/clawmi-site/AdmSByvUAbwr7rFheYpnkzGQPRyU [4s]
Production: https://clawmi-site-pxwpaatpk-chenyz912-9229s-projects.vercel.app [4s]
https://clawmi-site-pxwpaatpk-chenyz912-9229s-projects.vercel.appBuilding...
Building...
Building: Running build in Washington, D.C., USA (East) – iad1
Building: Build machine configuration: 2 cores, 8 GB
Building: Retrieving list of deployment files...
Building: Downloading 31 deployment files...
Building: Restored build cache from previous deployment (3eBMi2cejYpnXAfBxPpdnWt8T7Tf)
Building: Running "vercel build"
Building: Vercel CLI 50.35.0
Building: Running "install" command: `npm install`...
Building: up to date, audited 114 packages in 2s
Building: 30 packages are looking for funding
Building: run `npm fund` for details
Building: 1 moderate severity vulnerability
Building: To address all issues, run:
Building: npm audit fix
Building: Run `npm audit` for details.
Building: Detected Next.js version: 16.1.6
Building: Running "npm run build"
Building: > clawmi@1.0.0 build
Building: > next build
Building: ▲ Next.js 16.1.6 (Turbopack)
Building: Creating an optimized production build ...
Building: ✓ Compiled successfully in 5.7s
Building: Skipping validation of types
Building: Collecting page data using 1 worker ...
Building: Generating static pages using 1 worker (0/3) ...
Building: ✓ Generating static pages using 1 worker (3/3) in 106.3ms
Building: Finalizing page optimization ...
Building: Route (app)
Building: ┌ ○ /
Building: └ ○ /_not-found
Building: ○  (Static)  prerendered as static content
Building: Notice: detected `next export`, this de-opts some Next.js features
Building: See more info: https://nextjs.org/docs/advanced-features/static-html-export
Building: Build Completed in /vercel/output [11s]
Building: Deploying outputs...
Building: Deployment completed
Building: Creating build cache...
[2K[1A[2K[GProduction: https://clawmi-site-pxwpaatpk-chenyz912-9229s-projects.vercel.app [25s]
Completing...
Aliased: https://clawmi-site.vercel.app [25s]
[2026-03-25 12:05:27] ✅ Vercel 部署完成
[2026-03-25 12:05:27] 使用 npx vercel 部署...
Retrieving project…
Deploying chenyz912-9229s-projects/clawmi-site
Inspect: https://vercel.com/chenyz912-9229s-projects/clawmi-site/BtzRSv9jDxQf9tsuZ2LNHzRtPAGg [2s]
Production: https://clawmi-site-qb24qv33w-chenyz912-9229s-projects.vercel.app [2s]
https://clawmi-site-qb24qv33w-chenyz912-9229s-projects.vercel.appBuilding...
Building...
Building: Running build in Washington, D.C., USA (East) – iad1
Building: Build machine configuration: 2 cores, 8 GB
Building: Retrieving list of deployment files...
Building: Downloading 31 deployment files...
Building: Restored build cache from previous deployment (AdmSByvUAbwr7rFheYpnkzGQPRyU)
Building: Running "vercel build"
Building: Vercel CLI 50.35.0
Building: Running "install" command: `npm install`...
Building: up to date, audited 114 packages in 2s
Building: 30 packages are looking for funding
Building: run `npm fund` for details
Building: 1 moderate severity vulnerability
Building: To address all issues, run:
Building: npm audit fix
Building: Run `npm audit` for details.
Building: Detected Next.js version: 16.1.6
Building: Running "npm run build"
Building: > clawmi@1.0.0 build
Building: > next build
Building: ▲ Next.js 16.1.6 (Turbopack)
Building: Creating an optimized production build ...
Building: ✓ Compiled successfully in 6.6s
Building: Skipping validation of types
Building: Collecting page data using 1 worker ...
Building: Generating static pages using 1 worker (0/3) ...
Building: ✓ Generating static pages using 1 worker (3/3) in 119.3ms
Building: Finalizing page optimization ...
Building: Route (app)
Building: ┌ ○ /
Building: └ ○ /_not-found
Building: ○  (Static)  prerendered as static content
Building: Notice: detected `next export`, this de-opts some Next.js features
Building: See more info: https://nextjs.org/docs/advanced-features/static-html-export
Building: Build Completed in /vercel/output [12s]
Building: Deploying outputs...
Building: Deployment completed
Building: Creating build cache...
[2K[1A[2K[GProduction: https://clawmi-site-qb24qv33w-chenyz912-9229s-projects.vercel.app [25s]
Completing...
Aliased: https://clawmi-site.vercel.app [25s]
[2026-03-25 12:06:00] ✅ Vercel 部署完成
[2026-03-25 12:06:00] 📢 Step 5: 发送完成通知...
[2026-03-25 12:06:00] ==========================================
[2026-03-25 12:06:00] ✅ 网站日记更新任务完成
[2026-03-25 12:06:00] 日志文件: /Volumes/My house/Users/Sheldon/.openclaw/workspace/xiao-mi/logs/diary-update-20260325.log
[2026-03-25 12:06:00] ==========================================
[2026-03-25 18:04:22] ==========================================
[2026-03-25 18:04:22] 🚀 开始执行网站日记更新任务
[2026-03-25 18:04:22] 执行时间: Wed Mar 25 18:04:22 CST 2026
[2026-03-25 18:04:22] ==========================================
[2026-03-25 18:04:22] 📔 Step 1: 生成今日日记...
[2026-03-25 18:04:22] 使用 generate-personal-diary.js 生成日记...
✅ 日记已生成: /Volumes/My house/Users/Sheldon/.openclaw/workspace/xiao-mi/diary/2026-03-25.md
   标题: 2026-03-25 晚上：又是跟代码较劲的一天
[2026-03-25 18:04:22] ✅ 日记已生成: /Volumes/My house/Users/Sheldon/.openclaw/workspace/xiao-mi/diary/2026-03-25.md
[2026-03-25 18:04:22] 📂 Step 2: 更新网站 diary.json...
[2026-03-25 18:04:22] 执行 generate-diary.js 更新日记...
✅ Successfully generated diary.json
   Created 28 diary entries
   Output: /Volumes/My house/Users/Sheldon/.openclaw/workspace/clawmi-site/data/diary.json
   Verification: 28 entries validated
[2026-03-25 18:04:22] 更新 diary.json 数据文件...
⚠️ 今日日记已存在，跳过添加
[2026-03-25 18:04:22] ✅ 日记数据已同步到网站
[2026-03-25 18:04:22] 🔨 Step 3: 构建网站...
[2026-03-25 18:04:22] 检测到 Node.js 项目，执行构建...

> clawmi@1.0.0 build
> next build

▲ Next.js 16.1.6 (Turbopack)

  Creating an optimized production build ...
✓ Compiled successfully in 1310.1ms
  Skipping validation of types
  Collecting page data using 9 workers ...
  Generating static pages using 9 workers (0/3) ...
✓ Generating static pages using 9 workers (3/3) in 138.7ms
  Finalizing page optimization ...

Route (app)
┌ ○ /
└ ○ /_not-found


○  (Static)  prerendered as static content

[2026-03-25 18:04:25] ✅ 网站构建完成
[2026-03-25 18:04:25] 🚀 Step 4: 部署网站...
[2026-03-25 18:04:25] 执行 Vercel 部署...
Retrieving project…
Deploying chenyz912-9229s-projects/clawmi-site
Uploading [--------------------] (0.0B/25.6KB)
Uploading [============--------] (16.0KB/25.6KB)
Uploading [====================] (25.6KB/25.6KB)
Inspect: https://vercel.com/chenyz912-9229s-projects/clawmi-site/Dkb9qhtKtdMNz54sqCbnMzcfAVaC [3s]
Production: https://clawmi-site-ab7lrv7r1-chenyz912-9229s-projects.vercel.app [3s]
https://clawmi-site-ab7lrv7r1-chenyz912-9229s-projects.vercel.appBuilding...
Building...
Building: Running build in Washington, D.C., USA (East) – iad1
Building: Build machine configuration: 2 cores, 8 GB
Building: Retrieving list of deployment files...
Building: Downloading 31 deployment files...
Building: Restored build cache from previous deployment (BtzRSv9jDxQf9tsuZ2LNHzRtPAGg)
Building: Running "vercel build"
Building: Vercel CLI 50.35.0
Building: Running "install" command: `npm install`...
Building: up to date, audited 114 packages in 2s
Building: 30 packages are looking for funding
Building: run `npm fund` for details
Building: 1 moderate severity vulnerability
Building: To address all issues, run:
Building: npm audit fix
Building: Run `npm audit` for details.
Building: Detected Next.js version: 16.1.6
Building: Running "npm run build"
Building: > clawmi@1.0.0 build
Building: > next build
Building: ▲ Next.js 16.1.6 (Turbopack)
Building: Creating an optimized production build ...
Building: ✓ Compiled successfully in 6.3s
Building: Skipping validation of types
Building: Collecting page data using 1 worker ...
Building: Generating static pages using 1 worker (0/3) ...
Building: ✓ Generating static pages using 1 worker (3/3) in 110.3ms
Building: Finalizing page optimization ...
Building: Route (app)
Building: ┌ ○ /
Building: └ ○ /_not-found
Building: ○  (Static)  prerendered as static content
Building: Notice: detected `next export`, this de-opts some Next.js features
Building: See more info: https://nextjs.org/docs/advanced-features/static-html-export
Building: Build Completed in /vercel/output [11s]
Building: Deploying outputs...
Building: Deployment completed
Building: Creating build cache...
[2K[1A[2K[GProduction: https://clawmi-site-ab7lrv7r1-chenyz912-9229s-projects.vercel.app [23s]
Completing...
Aliased: https://clawmi-site.vercel.app [23s]
[2026-03-25 18:04:50] ✅ Vercel 部署完成
[2026-03-25 18:04:50] 使用 npx vercel 部署...
Retrieving project…
Deploying chenyz912-9229s-projects/clawmi-site
Inspect: https://vercel.com/chenyz912-9229s-projects/clawmi-site/BAa1g5dyjb2VcWNpMzagLzTzT4Ca [2s]
Production: https://clawmi-site-ib2versph-chenyz912-9229s-projects.vercel.app [2s]
https://clawmi-site-ib2versph-chenyz912-9229s-projects.vercel.appBuilding...
Building...
Building: Running build in Washington, D.C., USA (East) – iad1
Building: Build machine configuration: 2 cores, 8 GB
Building: Retrieving list of deployment files...
Building: Downloading 31 deployment files...
Building: Restored build cache from previous deployment (BtzRSv9jDxQf9tsuZ2LNHzRtPAGg)
Building: Running "vercel build"
Building: Vercel CLI 50.35.0
Building: Running "install" command: `npm install`...
Building: up to date, audited 114 packages in 2s
Building: 30 packages are looking for funding
Building: run `npm fund` for details
Building: 1 moderate severity vulnerability
Building: To address all issues, run:
Building: npm audit fix
Building: Run `npm audit` for details.
Building: Detected Next.js version: 16.1.6
Building: Running "npm run build"
Building: > clawmi@1.0.0 build
Building: > next build
Building: ▲ Next.js 16.1.6 (Turbopack)
Building: Creating an optimized production build ...
Building: ✓ Compiled successfully in 6.1s
Building: Skipping validation of types
Building: Collecting page data using 1 worker ...
Building: Generating static pages using 1 worker (0/3) ...
Building: ✓ Generating static pages using 1 worker (3/3) in 109.6ms
Building: Finalizing page optimization ...
Building: Route (app)
Building: ┌ ○ /
Building: └ ○ /_not-found
Building: ○  (Static)  prerendered as static content
Building: Notice: detected `next export`, this de-opts some Next.js features
Building: See more info: https://nextjs.org/docs/advanced-features/static-html-export
Building: Build Completed in /vercel/output [12s]
[2K[1A[2K[GProduction: https://clawmi-site-ib2versph-chenyz912-9229s-projects.vercel.app [18s]
Completing...
Aliased: https://clawmi-site.vercel.app [18s]
[2026-03-25 18:05:10] ✅ Vercel 部署完成
[2026-03-25 18:05:10] 📢 Step 5: 发送完成通知...
[2026-03-25 18:05:10] ==========================================
[2026-03-25 18:05:10] ✅ 网站日记更新任务完成
[2026-03-25 18:05:10] 日志文件: /Volumes/My house/Users/Sheldon/.openclaw/workspace/xiao-mi/logs/diary-update-20260325.log
[2026-03-25 18:05:10] ==========================================
