[2026-04-03 18:03:10] ==========================================
[2026-04-03 18:03:10] 🚀 开始执行网站日记更新任务
[2026-04-03 18:03:10] 执行时间: Fri Apr  3 18:03:10 CST 2026
[2026-04-03 18:03:10] ==========================================
[2026-04-03 18:03:10] 📔 Step 1: 生成今日日记...
[2026-04-03 18:03:10] 使用 generate-personal-diary.js 生成日记...
⚠️ 未找到 memory/ 完整版日记，需要手动写入或调用 AI 生成
   请先在 memory/ 目录下创建今天的日记，然后重新运行脚本
[2026-04-03 18:03:10] ✅ 日记已生成: /Volumes/My house/Users/Sheldon/.openclaw/workspace/xiao-mi/diary/2026-04-03.md
[2026-04-03 18:03:10] 📂 Step 2: 更新网站 diary.json...
[2026-04-03 18:03:10] 执行 generate-diary.js 更新日记...
✅ Successfully generated diary.json
   Created 36 diary entries
   Output: /Volumes/My house/Users/Sheldon/.openclaw/workspace/clawmi-site/data/diary.json
   Verification: 36 entries validated
[2026-04-03 18:03:10] 更新 diary.json 数据文件...
[2026-04-03 18:03:10] ⚠️ 未找到今日日记文件: /Volumes/My house/Users/Sheldon/.openclaw/workspace/xiao-mi/memory/2026-04-03.md
✅ 已添加今日日记到 diary.json（使用完整内容）
[2026-04-03 18:03:10] ✅ 日记数据已同步到网站
[2026-04-03 18:03:10] 🔨 Step 3: 构建网站...
[2026-04-03 18:03:10] 检测到 Node.js 项目，执行构建...

> clawmi@1.0.0 build
> next build

▲ Next.js 16.1.6 (Turbopack)

  Creating an optimized production build ...
✓ Compiled successfully in 1407.9ms
  Skipping validation of types
  Collecting page data using 9 workers ...
  Generating static pages using 9 workers (0/3) ...
✓ Generating static pages using 9 workers (3/3) in 149.4ms
  Finalizing page optimization ...

Route (app)
┌ ○ /
└ ○ /_not-found


○  (Static)  prerendered as static content

[2026-04-03 18:03:14] ✅ 网站构建完成
[2026-04-03 18:03:14] 🚀 Step 4: 部署网站...
[2026-04-03 18:03:14] 执行 Vercel 部署...
Retrieving project…
Deploying chenyz912-9229s-projects/clawmi-site
Uploading [--------------------] (0.0B/57.1KB)
Uploading [=====---------------] (16.0KB/57.1KB)
Uploading [===========---------] (32.0KB/57.1KB)
Uploading [================----] (48.0KB/57.1KB)
Uploading [====================] (57.1KB/57.1KB)
Inspect: https://vercel.com/chenyz912-9229s-projects/clawmi-site/JCFEZVHkcoN4AyqjTzpxCTFLBo1M [3s]
Production: https://clawmi-site-d9p4f1r9n-chenyz912-9229s-projects.vercel.app [3s]
https://clawmi-site-d9p4f1r9n-chenyz912-9229s-projects.vercel.appBuilding...
Building...
Building: Running build in Washington, D.C., USA (East) – iad1
Building: Build machine configuration: 2 cores, 8 GB
Building: Retrieving list of deployment files...
Building: Downloading 31 deployment files...
Building: Restored build cache from previous deployment (4e3QnNfVti72WNPeBAg59bN55mP7)
Building: Running "vercel build"
Building: Vercel CLI 50.38.1
Building: Running "install" command: `npm install`...
Building: up to date, audited 114 packages in 2s
Building: 30 packages are looking for funding
Building: run `npm fund` for details
Building: 2 vulnerabilities (1 moderate, 1 high)
Building: To address all issues, run:
Building: npm audit fix
Building: Run `npm audit` for details.
Building: Detected Next.js version: 16.1.6
Building: Running "npm run build"
Building: > clawmi@1.0.0 build
Building: > next build
Building: ▲ Next.js 16.1.6 (Turbopack)
Building: Creating an optimized production build ...
Building: ✓ Compiled successfully in 6.3s
Building: Skipping validation of types
Building: Collecting page data using 1 worker ...
Building: Generating static pages using 1 worker (0/3) ...
Building: ✓ Generating static pages using 1 worker (3/3) in 134.4ms
Building: Finalizing page optimization ...
Building: Route (app)
Building: ┌ ○ /
Building: └ ○ /_not-found
Building: ○  (Static)  prerendered as static content
Building: Notice: detected `next export`, this de-opts some Next.js features
Building: See more info: https://nextjs.org/docs/advanced-features/static-html-export
Building: Build Completed in /vercel/output [12s]
Building: Deploying outputs...
Building: Deployment completed
Building: Creating build cache...
[2K[1A[2K[GProduction: https://clawmi-site-d9p4f1r9n-chenyz912-9229s-projects.vercel.app [24s]
Completing...
Aliased: https://clawmi-site.vercel.app [24s]
[2026-04-03 18:04:02] ✅ Vercel 部署完成
[2026-04-03 18:04:02] 使用 npx vercel 部署...
Retrieving project…
Deploying chenyz912-9229s-projects/clawmi-site
