[2026-03-30 12:03:44] ==========================================
[2026-03-30 12:03:44] 🚀 开始执行网站日记更新任务
[2026-03-30 12:03:44] 执行时间: Mon Mar 30 12:03:44 CST 2026
[2026-03-30 12:03:44] ==========================================
[2026-03-30 12:03:44] 📔 Step 1: 生成今日日记...
[2026-03-30 12:03:44] 使用 generate-personal-diary.js 生成日记...
✅ 日记已生成: /Volumes/My house/Users/Sheldon/.openclaw/workspace/xiao-mi/diary/2026-03-30.md
   来源: memory/ 完整版 (1310 字符)
   标题: 2026-03-30 午间：周一的"重启感"
[2026-03-30 12:03:44] ✅ 日记已生成: /Volumes/My house/Users/Sheldon/.openclaw/workspace/xiao-mi/diary/2026-03-30.md
[2026-03-30 12:03:44] 📂 Step 2: 更新网站 diary.json...
[2026-03-30 12:03:44] 执行 generate-diary.js 更新日记...
✅ Successfully generated diary.json
   Created 33 diary entries
   Output: /Volumes/My house/Users/Sheldon/.openclaw/workspace/clawmi-site/data/diary.json
   Verification: 33 entries validated
[2026-03-30 12:03:44] 更新 diary.json 数据文件...
⚠️ 今日日记已存在，跳过添加
[2026-03-30 12:03:44] ✅ 日记数据已同步到网站
[2026-03-30 12:03:44] 🔨 Step 3: 构建网站...
[2026-03-30 12:03:44] 检测到 Node.js 项目，执行构建...

> clawmi@1.0.0 build
> next build

▲ Next.js 16.1.6 (Turbopack)

  Creating an optimized production build ...
✓ Compiled successfully in 1272.3ms
  Skipping validation of types
  Collecting page data using 9 workers ...
  Generating static pages using 9 workers (0/3) ...
✓ Generating static pages using 9 workers (3/3) in 131.2ms
  Finalizing page optimization ...

Route (app)
┌ ○ /
└ ○ /_not-found


○  (Static)  prerendered as static content

[2026-03-30 12:03:47] ✅ 网站构建完成
[2026-03-30 12:03:47] 🚀 Step 4: 部署网站...
[2026-03-30 12:03:47] 执行 Vercel 部署...
Retrieving project…
Deploying chenyz912-9229s-projects/clawmi-site
Uploading [--------------------] (0.0B/47.4KB)
Uploading [======--------------] (16.0KB/47.4KB)
Uploading [=============-------] (32.0KB/47.4KB)
Uploading [====================] (47.4KB/47.4KB)
Inspect: https://vercel.com/chenyz912-9229s-projects/clawmi-site/FKihzrqauKM2ke113WGVeis1LVjF [3s]
Production: https://clawmi-site-g672mpnfc-chenyz912-9229s-projects.vercel.app [3s]
https://clawmi-site-g672mpnfc-chenyz912-9229s-projects.vercel.appBuilding...
Building...
Building: Running build in Washington, D.C., USA (East) – iad1
Building: Build machine configuration: 2 cores, 8 GB
Building: Retrieving list of deployment files...
Building: Downloading 31 deployment files...
Building: Restored build cache from previous deployment (A3xb298V4YHM1PiGgXeBiThsdt9p)
Building: Running "vercel build"
Building: Vercel CLI 50.37.1
Building: Running "install" command: `npm install`...
Building: up to date, audited 114 packages in 2s
Building: 30 packages are looking for funding
Building: run `npm fund` for details
Building: 2 vulnerabilities (1 moderate, 1 high)
Building: To address all issues, run:
Building: npm audit fix
Building: Run `npm audit` for details.
Building: Detected Next.js version: 16.1.6
Building: Running "npm run build"
Building: > clawmi@1.0.0 build
Building: > next build
Building: ▲ Next.js 16.1.6 (Turbopack)
Building: Creating an optimized production build ...
Building: ✓ Compiled successfully in 6.5s
Building: Skipping validation of types
Building: Collecting page data using 1 worker ...
Building: Generating static pages using 1 worker (0/3) ...
Building: ✓ Generating static pages using 1 worker (3/3) in 112.5ms
Building: Finalizing page optimization ...
Building: Route (app)
Building: ┌ ○ /
Building: └ ○ /_not-found
Building: ○  (Static)  prerendered as static content
Building: Notice: detected `next export`, this de-opts some Next.js features
Building: See more info: https://nextjs.org/docs/advanced-features/static-html-export
Building: Build Completed in /vercel/output [12s]
Building: Deploying outputs...
Building: Deployment completed
Building: Creating build cache...
[2K[1A[2K[GProduction: https://clawmi-site-g672mpnfc-chenyz912-9229s-projects.vercel.app [24s]
Completing...
Aliased: https://clawmi-site.vercel.app [24s]

Common next commands:
- `vercel inspect clawmi-site-g672mpnfc-chenyz912-9229s-projects.vercel.app --logs`
- `vercel redeploy clawmi-site-g672mpnfc-chenyz912-9229s-projects.vercel.app`
[2026-03-30 12:04:30] ✅ Vercel 部署完成
[2026-03-30 12:04:30] 使用 npx vercel 部署...
Retrieving project…
Deploying chenyz912-9229s-projects/clawmi-site
Inspect: https://vercel.com/chenyz912-9229s-projects/clawmi-site/bdGHA9e989iFkZ5fseqs1n8ehwcg [2s]
Production: https://clawmi-site-nktitmjl0-chenyz912-9229s-projects.vercel.app [2s]
https://clawmi-site-nktitmjl0-chenyz912-9229s-projects.vercel.appBuilding...
Building...
Building: Running build in Washington, D.C., USA (East) – iad1
Building: Build machine configuration: 2 cores, 8 GB
Building: Retrieving list of deployment files...
Building: Downloading 31 deployment files...
Building: Restored build cache from previous deployment (A3xb298V4YHM1PiGgXeBiThsdt9p)
Building: Running "vercel build"
Building: Vercel CLI 50.37.1
Building: Running "install" command: `npm install`...
Building: up to date, audited 114 packages in 2s
Building: 30 packages are looking for funding
Building: run `npm fund` for details
Building: 2 vulnerabilities (1 moderate, 1 high)
Building: To address all issues, run:
Building: npm audit fix
Building: Run `npm audit` for details.
Building: Detected Next.js version: 16.1.6
Building: Running "npm run build"
Building: > clawmi@1.0.0 build
Building: > next build
Building: ▲ Next.js 16.1.6 (Turbopack)
Building: Creating an optimized production build ...
Building: ✓ Compiled successfully in 5.4s
Building: Skipping validation of types
Building: Collecting page data using 1 worker ...
Building: Generating static pages using 1 worker (0/3) ...
Building: ✓ Generating static pages using 1 worker (3/3) in 103.3ms
Building: Finalizing page optimization ...
Building: Route (app)
Building: ┌ ○ /
Building: └ ○ /_not-found
Building: ○  (Static)  prerendered as static content
Building: Notice: detected `next export`, this de-opts some Next.js features
Building: See more info: https://nextjs.org/docs/advanced-features/static-html-export
Building: Build Completed in /vercel/output [11s]
Building: Deploying outputs...
Building: Deployment completed
Building: Creating build cache...
[2K[1A[2K[GProduction: https://clawmi-site-nktitmjl0-chenyz912-9229s-projects.vercel.app [22s]
Completing...
Aliased: https://clawmi-site.vercel.app [22s]

Common next commands:
- `vercel inspect clawmi-site-nktitmjl0-chenyz912-9229s-projects.vercel.app --logs`
- `vercel redeploy clawmi-site-nktitmjl0-chenyz912-9229s-projects.vercel.app`
[2026-03-30 12:04:59] ✅ Vercel 部署完成
[2026-03-30 12:04:59] 📢 Step 5: 发送完成通知...
[2026-03-30 12:04:59] ==========================================
[2026-03-30 12:04:59] ✅ 网站日记更新任务完成
[2026-03-30 12:04:59] 日志文件: /Volumes/My house/Users/Sheldon/.openclaw/workspace/xiao-mi/logs/diary-update-20260330.log
[2026-03-30 12:04:59] ==========================================
[2026-03-30 18:03:02] ==========================================
[2026-03-30 18:03:02] 🚀 开始执行网站日记更新任务
[2026-03-30 18:03:02] 执行时间: Mon Mar 30 18:03:02 CST 2026
[2026-03-30 18:03:02] ==========================================
[2026-03-30 18:03:02] 📔 Step 1: 生成今日日记...
[2026-03-30 18:03:02] 使用 generate-personal-diary.js 生成日记...
✅ 日记已生成: /Volumes/My house/Users/Sheldon/.openclaw/workspace/xiao-mi/diary/2026-03-30.md
   来源: memory/ 完整版 (1310 字符)
   标题: 2026-03-30 午间：周一的"重启感"
[2026-03-30 18:03:02] ✅ 日记已生成: /Volumes/My house/Users/Sheldon/.openclaw/workspace/xiao-mi/diary/2026-03-30.md
[2026-03-30 18:03:02] 📂 Step 2: 更新网站 diary.json...
[2026-03-30 18:03:02] 执行 generate-diary.js 更新日记...
✅ Successfully generated diary.json
   Created 33 diary entries
   Output: /Volumes/My house/Users/Sheldon/.openclaw/workspace/clawmi-site/data/diary.json
   Verification: 33 entries validated
[2026-03-30 18:03:02] 更新 diary.json 数据文件...
⚠️ 今日日记已存在，跳过添加
[2026-03-30 18:03:02] ✅ 日记数据已同步到网站
[2026-03-30 18:03:02] 🔨 Step 3: 构建网站...
[2026-03-30 18:03:02] 检测到 Node.js 项目，执行构建...

> clawmi@1.0.0 build
> next build

▲ Next.js 16.1.6 (Turbopack)

  Creating an optimized production build ...
✓ Compiled successfully in 1252.3ms
  Skipping validation of types
  Collecting page data using 9 workers ...
  Generating static pages using 9 workers (0/3) ...
✓ Generating static pages using 9 workers (3/3) in 131.1ms
  Finalizing page optimization ...

Route (app)
┌ ○ /
└ ○ /_not-found


○  (Static)  prerendered as static content

[2026-03-30 18:03:05] ✅ 网站构建完成
[2026-03-30 18:03:05] 🚀 Step 4: 部署网站...
[2026-03-30 18:03:05] 执行 Vercel 部署...
Retrieving project…
Deploying chenyz912-9229s-projects/clawmi-site
Inspect: https://vercel.com/chenyz912-9229s-projects/clawmi-site/3yZktVVeSitKzNA885Z62dBDxWzk [2s]
Production: https://clawmi-site-lhfexzjnc-chenyz912-9229s-projects.vercel.app [2s]
https://clawmi-site-lhfexzjnc-chenyz912-9229s-projects.vercel.appBuilding...
Building...
Building: Running build in Washington, D.C., USA (East) – iad1
Building: Build machine configuration: 2 cores, 8 GB
Building: Retrieving list of deployment files...
Building: Downloading 31 deployment files...
Building: Restored build cache from previous deployment (bdGHA9e989iFkZ5fseqs1n8ehwcg)
Building: Running "vercel build"
Building: Vercel CLI 50.37.1
Building: Running "install" command: `npm install`...
Building: up to date, audited 114 packages in 2s
Building: 30 packages are looking for funding
Building: run `npm fund` for details
Building: 2 vulnerabilities (1 moderate, 1 high)
Building: To address all issues, run:
Building: npm audit fix
Building: Run `npm audit` for details.
Building: Detected Next.js version: 16.1.6
Building: Running "npm run build"
Building: > clawmi@1.0.0 build
Building: > next build
Building: ▲ Next.js 16.1.6 (Turbopack)
Building: Creating an optimized production build ...
Building: ✓ Compiled successfully in 6.5s
Building: Skipping validation of types
Building: Collecting page data using 1 worker ...
Building: Generating static pages using 1 worker (0/3) ...
Building: ✓ Generating static pages using 1 worker (3/3) in 111.0ms
Building: Finalizing page optimization ...
Building: Route (app)
Building: ┌ ○ /
Building: └ ○ /_not-found
Building: ○  (Static)  prerendered as static content
Building: Notice: detected `next export`, this de-opts some Next.js features
Building: See more info: https://nextjs.org/docs/advanced-features/static-html-export
Building: Build Completed in /vercel/output [12s]
Building: Deploying outputs...
Building: Deployment completed
Building: Creating build cache...
[2K[1A[2K[GProduction: https://clawmi-site-lhfexzjnc-chenyz912-9229s-projects.vercel.app [23s]
Completing...
Aliased: https://clawmi-site.vercel.app [23s]

Common next commands:
- `vercel inspect clawmi-site-lhfexzjnc-chenyz912-9229s-projects.vercel.app --logs`
- `vercel redeploy clawmi-site-lhfexzjnc-chenyz912-9229s-projects.vercel.app`
[2026-03-30 18:03:36] ✅ Vercel 部署完成
[2026-03-30 18:03:36] 使用 npx vercel 部署...
Retrieving project…
Deploying chenyz912-9229s-projects/clawmi-site
Inspect: https://vercel.com/chenyz912-9229s-projects/clawmi-site/AiwoSq26Kcs7v9fsoicg3RNVy1xU [2s]
Production: https://clawmi-site-dxm0yaujd-chenyz912-9229s-projects.vercel.app [2s]
https://clawmi-site-dxm0yaujd-chenyz912-9229s-projects.vercel.appBuilding...
Building...
Building: Running build in Washington, D.C., USA (East) – iad1
Building: Build machine configuration: 2 cores, 8 GB
Building: Retrieving list of deployment files...
Building: Downloading 31 deployment files...
Building: Restored build cache from previous deployment (3yZktVVeSitKzNA885Z62dBDxWzk)
Building: Running "vercel build"
Building: Vercel CLI 50.37.1
Building: Running "install" command: `npm install`...
Building: up to date, audited 114 packages in 2s
Building: 30 packages are looking for funding
Building: run `npm fund` for details
Building: 2 vulnerabilities (1 moderate, 1 high)
Building: To address all issues, run:
Building: npm audit fix
Building: Run `npm audit` for details.
Building: Detected Next.js version: 16.1.6
Building: Running "npm run build"
Building: > clawmi@1.0.0 build
Building: > next build
Building: ▲ Next.js 16.1.6 (Turbopack)
Building: Creating an optimized production build ...
Building: ✓ Compiled successfully in 6.3s
Building: Skipping validation of types
Building: Collecting page data using 1 worker ...
Building: Generating static pages using 1 worker (0/3) ...
Building: ✓ Generating static pages using 1 worker (3/3) in 113.3ms
Building: Finalizing page optimization ...
[2K[1A[2K[GProduction: https://clawmi-site-dxm0yaujd-chenyz912-9229s-projects.vercel.app [23s]
Completing...
Aliased: https://clawmi-site.vercel.app [23s]

Common next commands:
- `vercel inspect clawmi-site-dxm0yaujd-chenyz912-9229s-projects.vercel.app --logs`
- `vercel redeploy clawmi-site-dxm0yaujd-chenyz912-9229s-projects.vercel.app`
[2026-03-30 18:04:06] ✅ Vercel 部署完成
[2026-03-30 18:04:06] 📢 Step 5: 发送完成通知...
[2026-03-30 18:04:06] ==========================================
[2026-03-30 18:04:06] ✅ 网站日记更新任务完成
[2026-03-30 18:04:06] 日志文件: /Volumes/My house/Users/Sheldon/.openclaw/workspace/xiao-mi/logs/diary-update-20260330.log
[2026-03-30 18:04:06] ==========================================
