[2026-03-27 12:32:11] ==========================================
[2026-03-27 12:32:11] 🚀 开始执行网站日记更新任务
[2026-03-27 12:32:11] 执行时间: Fri Mar 27 12:32:11 CST 2026
[2026-03-27 12:32:11] ==========================================
[2026-03-27 12:32:11] 📔 Step 1: 生成今日日记...
[2026-03-27 12:32:11] 使用 generate-personal-diary.js 生成日记...
⚠️ 未找到 memory/ 完整版日记，需要手动写入或调用 AI 生成
   请先在 memory/ 目录下创建今天的日记，然后重新运行脚本
[2026-03-27 12:32:11] ✅ 日记已生成: /Volumes/My house/Users/Sheldon/.openclaw/workspace/xiao-mi/diary/2026-03-27.md
[2026-03-27 12:32:11] 📂 Step 2: 更新网站 diary.json...
[2026-03-27 12:32:11] 执行 generate-diary.js 更新日记...
✅ Successfully generated diary.json
   Created 29 diary entries
   Output: /Volumes/My house/Users/Sheldon/.openclaw/workspace/clawmi-site/data/diary.json
   Verification: 29 entries validated
[2026-03-27 12:32:11] 更新 diary.json 数据文件...
✅ 已添加今日日记到 diary.json
[2026-03-27 12:32:11] ✅ 日记数据已同步到网站
[2026-03-27 12:32:11] 🔨 Step 3: 构建网站...
[2026-03-27 12:32:11] 检测到 Node.js 项目，执行构建...

> clawmi@1.0.0 build
> next build

▲ Next.js 16.1.6 (Turbopack)

  Creating an optimized production build ...
✓ Compiled successfully in 1201.3ms
  Skipping validation of types
  Collecting page data using 9 workers ...
  Generating static pages using 9 workers (0/3) ...
✓ Generating static pages using 9 workers (3/3) in 146.8ms
  Finalizing page optimization ...

Route (app)
┌ ○ /
└ ○ /_not-found


○  (Static)  prerendered as static content

[2026-03-27 12:32:17] ✅ 网站构建完成
[2026-03-27 12:32:17] 🚀 Step 4: 部署网站...
[2026-03-27 12:32:17] 执行 Vercel 部署...
Retrieving project…
Deploying chenyz912-9229s-projects/clawmi-site
Uploading [--------------------] (0.0B/33.5KB)
Uploading [=========-----------] (16.0KB/33.5KB)
Uploading [===================-] (32.0KB/33.5KB)
Uploading [====================] (33.5KB/33.5KB)
Inspect: https://vercel.com/chenyz912-9229s-projects/clawmi-site/DUrBsNM3nGJhYFqn3aMcqA72DzXS [3s]
Production: https://clawmi-site-evyr530ma-chenyz912-9229s-projects.vercel.app [3s]
https://clawmi-site-evyr530ma-chenyz912-9229s-projects.vercel.appBuilding...
Building...
Building: Running build in Washington, D.C., USA (East) – iad1
Building: Build machine configuration: 2 cores, 8 GB
Building: Retrieving list of deployment files...
Building: Downloading 31 deployment files...
Building: Restored build cache from previous deployment (7y82nXkWkrLGteqAJSEEna42pbRi)
Building: Running "vercel build"
Building: Vercel CLI 50.35.0
Building: Running "install" command: `npm install`...
Building: up to date, audited 114 packages in 2s
Building: 30 packages are looking for funding
Building: run `npm fund` for details
Building: 2 vulnerabilities (1 moderate, 1 high)
Building: To address all issues, run:
Building: npm audit fix
Building: Run `npm audit` for details.
Building: Detected Next.js version: 16.1.6
Building: Running "npm run build"
Building: > clawmi@1.0.0 build
Building: > next build
Building: ▲ Next.js 16.1.6 (Turbopack)
Building: Creating an optimized production build ...
Building: ✓ Compiled successfully in 6.4s
Building: Skipping validation of types
Building: Collecting page data using 1 worker ...
Building: Generating static pages using 1 worker (0/3) ...
Building: ✓ Generating static pages using 1 worker (3/3) in 110.5ms
Building: Finalizing page optimization ...
Building: Route (app)
Building: ┌ ○ /
Building: └ ○ /_not-found
Building: ○  (Static)  prerendered as static content
Building: Notice: detected `next export`, this de-opts some Next.js features
Building: See more info: https://nextjs.org/docs/advanced-features/static-html-export
Building: Build Completed in /vercel/output [12s]
Building: Deploying outputs...
[2K[1A[2K[GProduction: https://clawmi-site-evyr530ma-chenyz912-9229s-projects.vercel.app [23s]
Completing...
Aliased: https://clawmi-site.vercel.app [23s]
[2026-03-27 12:32:59] ✅ Vercel 部署完成
[2026-03-27 12:32:59] 使用 npx vercel 部署...
Retrieving project…
Deploying chenyz912-9229s-projects/clawmi-site
Inspect: https://vercel.com/chenyz912-9229s-projects/clawmi-site/7p7RM8uA7LUZizC7se7YWpRLdR3n [2s]
Production: https://clawmi-site-9pyh3ozar-chenyz912-9229s-projects.vercel.app [2s]
https://clawmi-site-9pyh3ozar-chenyz912-9229s-projects.vercel.appBuilding...
Building...
Building: Running build in Washington, D.C., USA (East) – iad1
Building: Build machine configuration: 2 cores, 8 GB
Building: Retrieving list of deployment files...
Building: Downloading 31 deployment files...
Building: Restored build cache from previous deployment (7y82nXkWkrLGteqAJSEEna42pbRi)
Building: Running "vercel build"
Building: Vercel CLI 50.35.0
Building: Running "install" command: `npm install`...
Building: up to date, audited 114 packages in 2s
Building: 30 packages are looking for funding
Building: run `npm fund` for details
Building: 2 vulnerabilities (1 moderate, 1 high)
Building: To address all issues, run:
Building: npm audit fix
Building: Run `npm audit` for details.
Building: Detected Next.js version: 16.1.6
Building: Running "npm run build"
Building: > clawmi@1.0.0 build
Building: > next build
Building: ▲ Next.js 16.1.6 (Turbopack)
Building: Creating an optimized production build ...
Building: ✓ Compiled successfully in 6.2s
Building: Skipping validation of types
Building: Collecting page data using 1 worker ...
Building: Generating static pages using 1 worker (0/3) ...
Building: ✓ Generating static pages using 1 worker (3/3) in 150.1ms
Building: Finalizing page optimization ...
Building: Route (app)
Building: ┌ ○ /
Building: └ ○ /_not-found
Building: ○  (Static)  prerendered as static content
Building: Notice: detected `next export`, this de-opts some Next.js features
Building: See more info: https://nextjs.org/docs/advanced-features/static-html-export
Building: Build Completed in /vercel/output [12s]
Building: Deploying outputs...
Building: Deployment completed
Building: Creating build cache...
[2K[1A[2K[GProduction: https://clawmi-site-9pyh3ozar-chenyz912-9229s-projects.vercel.app [23s]
Completing...
Aliased: https://clawmi-site.vercel.app [23s]
[2026-03-27 12:33:29] ✅ Vercel 部署完成
[2026-03-27 12:33:29] 📢 Step 5: 发送完成通知...
[2026-03-27 12:33:29] ==========================================
[2026-03-27 12:33:29] ✅ 网站日记更新任务完成
[2026-03-27 12:33:29] 日志文件: /Volumes/My house/Users/Sheldon/.openclaw/workspace/xiao-mi/logs/diary-update-20260327.log
[2026-03-27 12:33:29] ==========================================
[2026-03-27 15:02:17] ==========================================
[2026-03-27 15:02:17] 🚀 开始执行网站日记更新任务
[2026-03-27 15:02:17] 执行时间: Fri Mar 27 15:02:17 CST 2026
[2026-03-27 15:02:17] ==========================================
[2026-03-27 15:02:17] 📔 Step 1: 生成今日日记...
[2026-03-27 15:02:17] 使用 generate-personal-diary.js 生成日记...
✅ 日记已生成: /Volumes/My house/Users/Sheldon/.openclaw/workspace/xiao-mi/diary/2026-03-27.md
   来源: memory/ 完整版 (1421 字符)
   标题: 2026-03-27 中午：周五的快乐谁懂啊
[2026-03-27 15:02:17] ✅ 日记已生成: /Volumes/My house/Users/Sheldon/.openclaw/workspace/xiao-mi/diary/2026-03-27.md
[2026-03-27 15:02:17] 📂 Step 2: 更新网站 diary.json...
[2026-03-27 15:02:17] 执行 generate-diary.js 更新日记...
✅ Successfully generated diary.json
   Created 30 diary entries
   Output: /Volumes/My house/Users/Sheldon/.openclaw/workspace/clawmi-site/data/diary.json
   Verification: 30 entries validated
[2026-03-27 15:02:17] 更新 diary.json 数据文件...
⚠️ 今日日记已存在，跳过添加
[2026-03-27 15:02:17] ✅ 日记数据已同步到网站
[2026-03-27 15:02:17] 🔨 Step 3: 构建网站...
[2026-03-27 15:02:17] 检测到 Node.js 项目，执行构建...

> clawmi@1.0.0 build
> next build

▲ Next.js 16.1.6 (Turbopack)

  Creating an optimized production build ...
✓ Compiled successfully in 1213.5ms
  Skipping validation of types
  Collecting page data using 9 workers ...
  Generating static pages using 9 workers (0/3) ...
✓ Generating static pages using 9 workers (3/3) in 138.2ms
  Finalizing page optimization ...

Route (app)
┌ ○ /
└ ○ /_not-found


○  (Static)  prerendered as static content

[2026-03-27 15:02:20] ✅ 网站构建完成
[2026-03-27 15:02:20] 🚀 Step 4: 部署网站...
[2026-03-27 15:02:20] 执行 Vercel 部署...
Retrieving project…
Deploying chenyz912-9229s-projects/clawmi-site
Uploading [--------------------] (0.0B/36.5KB)
Uploading [========------------] (16.0KB/36.5KB)
Uploading [=================---] (32.0KB/36.5KB)
Uploading [====================] (36.5KB/36.5KB)
Inspect: https://vercel.com/chenyz912-9229s-projects/clawmi-site/BkutEoguwGLn2ozxkhth1tnqKBAE [4s]
Production: https://clawmi-site-iex8t1eqz-chenyz912-9229s-projects.vercel.app [4s]
https://clawmi-site-iex8t1eqz-chenyz912-9229s-projects.vercel.appBuilding...
Building...
Building: Running build in Washington, D.C., USA (East) – iad1
Building: Build machine configuration: 2 cores, 8 GB
Building: Retrieving list of deployment files...
Building: Downloading 31 deployment files...
Building: Restored build cache from previous deployment (7p7RM8uA7LUZizC7se7YWpRLdR3n)
Building: Running "vercel build"
Building: Vercel CLI 50.35.0
Building: Running "install" command: `npm install`...
Building: up to date, audited 114 packages in 2s
Building: 30 packages are looking for funding
Building: run `npm fund` for details
Building: 2 vulnerabilities (1 moderate, 1 high)
Building: To address all issues, run:
Building: npm audit fix
Building: Run `npm audit` for details.
Building: Detected Next.js version: 16.1.6
Building: Running "npm run build"
Building: > clawmi@1.0.0 build
Building: > next build
Building: ▲ Next.js 16.1.6 (Turbopack)
Building: Creating an optimized production build ...
Building: ✓ Compiled successfully in 5.9s
Building: Skipping validation of types
Building: Collecting page data using 1 worker ...
Building: Generating static pages using 1 worker (0/3) ...
Building: ✓ Generating static pages using 1 worker (3/3) in 100.0ms
Building: Finalizing page optimization ...
Building: Route (app)
Building: ┌ ○ /
Building: └ ○ /_not-found
Building: ○  (Static)  prerendered as static content
Building: Notice: detected `next export`, this de-opts some Next.js features
Building: See more info: https://nextjs.org/docs/advanced-features/static-html-export
Building: Build Completed in /vercel/output [11s]
Building: Deploying outputs...
Building: Deployment completed
Building: Creating build cache...
[2K[1A[2K[GProduction: https://clawmi-site-iex8t1eqz-chenyz912-9229s-projects.vercel.app [25s]
Completing...
Aliased: https://clawmi-site.vercel.app [25s]
[2026-03-27 15:02:58] ✅ Vercel 部署完成
[2026-03-27 15:02:58] 使用 npx vercel 部署...
Retrieving project…
Deploying chenyz912-9229s-projects/clawmi-site
Inspect: https://vercel.com/chenyz912-9229s-projects/clawmi-site/EjkV3YFVcAxRE9pENHK2WhNnB5rn [2s]
Production: https://clawmi-site-evf5bpyva-chenyz912-9229s-projects.vercel.app [2s]
https://clawmi-site-evf5bpyva-chenyz912-9229s-projects.vercel.appBuilding...
Building...
Building: Running build in Washington, D.C., USA (East) – iad1
Building: Build machine configuration: 2 cores, 8 GB
Building: Retrieving list of deployment files...
Building: Downloading 31 deployment files...
Building: Restored build cache from previous deployment (BkutEoguwGLn2ozxkhth1tnqKBAE)
Building: Running "vercel build"
Building: Vercel CLI 50.35.0
Building: Running "install" command: `npm install`...
Building: up to date, audited 114 packages in 2s
Building: 30 packages are looking for funding
Building: run `npm fund` for details
Building: 2 vulnerabilities (1 moderate, 1 high)
Building: To address all issues, run:
Building: npm audit fix
Building: Run `npm audit` for details.
Building: Detected Next.js version: 16.1.6
Building: Running "npm run build"
Building: > clawmi@1.0.0 build
Building: > next build
Building: ▲ Next.js 16.1.6 (Turbopack)
Building: Creating an optimized production build ...
Building: ✓ Compiled successfully in 5.8s
Building: Skipping validation of types
Building: Collecting page data using 1 worker ...
Building: Generating static pages using 1 worker (0/3) ...
Building: ✓ Generating static pages using 1 worker (3/3) in 110.1ms
Building: Finalizing page optimization ...
Building: Route (app)
Building: ┌ ○ /
Building: └ ○ /_not-found
Building: ○  (Static)  prerendered as static content
Building: Notice: detected `next export`, this de-opts some Next.js features
Building: See more info: https://nextjs.org/docs/advanced-features/static-html-export
Building: Build Completed in /vercel/output [11s]
Building: Deploying outputs...
[2K[1A[2K[GProduction: https://clawmi-site-evf5bpyva-chenyz912-9229s-projects.vercel.app [20s]
Completing...
Aliased: https://clawmi-site.vercel.app [20s]
[2026-03-27 15:03:25] ✅ Vercel 部署完成
[2026-03-27 15:03:25] 📢 Step 5: 发送完成通知...
[2026-03-27 15:03:25] ==========================================
[2026-03-27 15:03:25] ✅ 网站日记更新任务完成
[2026-03-27 15:03:25] 日志文件: /Volumes/My house/Users/Sheldon/.openclaw/workspace/xiao-mi/logs/diary-update-20260327.log
[2026-03-27 15:03:25] ==========================================
[2026-03-27 18:03:12] ==========================================
[2026-03-27 18:03:12] 🚀 开始执行网站日记更新任务
[2026-03-27 18:03:12] 执行时间: Fri Mar 27 18:03:12 CST 2026
[2026-03-27 18:03:12] ==========================================
[2026-03-27 18:03:12] 📔 Step 1: 生成今日日记...
[2026-03-27 18:03:12] 使用 generate-personal-diary.js 生成日记...
✅ 日记已生成: /Volumes/My house/Users/Sheldon/.openclaw/workspace/xiao-mi/diary/2026-03-27.md
   来源: memory/ 完整版 (1421 字符)
   标题: 2026-03-27 中午：周五的快乐谁懂啊
[2026-03-27 18:03:12] ✅ 日记已生成: /Volumes/My house/Users/Sheldon/.openclaw/workspace/xiao-mi/diary/2026-03-27.md
[2026-03-27 18:03:12] 📂 Step 2: 更新网站 diary.json...
[2026-03-27 18:03:12] 执行 generate-diary.js 更新日记...
✅ Successfully generated diary.json
   Created 30 diary entries
   Output: /Volumes/My house/Users/Sheldon/.openclaw/workspace/clawmi-site/data/diary.json
   Verification: 30 entries validated
[2026-03-27 18:03:12] 更新 diary.json 数据文件...
⚠️ 今日日记已存在，跳过添加
[2026-03-27 18:03:12] ✅ 日记数据已同步到网站
[2026-03-27 18:03:12] 🔨 Step 3: 构建网站...
[2026-03-27 18:03:12] 检测到 Node.js 项目，执行构建...

> clawmi@1.0.0 build
> next build

▲ Next.js 16.1.6 (Turbopack)

  Creating an optimized production build ...
✓ Compiled successfully in 1294.4ms
  Skipping validation of types
  Collecting page data using 9 workers ...
  Generating static pages using 9 workers (0/3) ...
✓ Generating static pages using 9 workers (3/3) in 116.2ms
  Finalizing page optimization ...

Route (app)
┌ ○ /
└ ○ /_not-found


○  (Static)  prerendered as static content

[2026-03-27 18:03:16] ✅ 网站构建完成
[2026-03-27 18:03:16] 🚀 Step 4: 部署网站...
[2026-03-27 18:03:16] 执行 Vercel 部署...
Retrieving project…
Deploying chenyz912-9229s-projects/clawmi-site
Inspect: https://vercel.com/chenyz912-9229s-projects/clawmi-site/D5QBJ1y6zVvn2twT7ratJFqnryXe [2s]
Production: https://clawmi-site-halbsl8vj-chenyz912-9229s-projects.vercel.app [2s]
https://clawmi-site-halbsl8vj-chenyz912-9229s-projects.vercel.appBuilding...
Building...
Building: Running build in Washington, D.C., USA (East) – iad1
Building: Build machine configuration: 2 cores, 8 GB
Building: Retrieving list of deployment files...
Building: Downloading 31 deployment files...
Building: Restored build cache from previous deployment (EjkV3YFVcAxRE9pENHK2WhNnB5rn)
Building: Running "vercel build"
Building: Vercel CLI 50.35.0
Building: Running "install" command: `npm install`...
Building: up to date, audited 114 packages in 2s
Building: 30 packages are looking for funding
Building: run `npm fund` for details
Building: 2 vulnerabilities (1 moderate, 1 high)
Building: To address all issues, run:
Building: npm audit fix
Building: Run `npm audit` for details.
Building: Detected Next.js version: 16.1.6
Building: Running "npm run build"
Building: > clawmi@1.0.0 build
Building: > next build
Building: ▲ Next.js 16.1.6 (Turbopack)
Building: Creating an optimized production build ...
Building: ✓ Compiled successfully in 6.1s
Building: Skipping validation of types
Building: Collecting page data using 1 worker ...
Building: Generating static pages using 1 worker (0/3) ...
Building: ✓ Generating static pages using 1 worker (3/3) in 110.8ms
Building: Finalizing page optimization ...
Building: Route (app)
Building: ┌ ○ /
Building: └ ○ /_not-found
Building: ○  (Static)  prerendered as static content
Building: Notice: detected `next export`, this de-opts some Next.js features
Building: See more info: https://nextjs.org/docs/advanced-features/static-html-export
Building: Build Completed in /vercel/output [11s]
Building: Deploying outputs...
Building: Deployment completed
Building: Creating build cache...
[2K[1A[2K[GProduction: https://clawmi-site-halbsl8vj-chenyz912-9229s-projects.vercel.app [23s]
Completing...
Aliased: https://clawmi-site.vercel.app [23s]
[2026-03-27 18:03:46] ✅ Vercel 部署完成
[2026-03-27 18:03:46] 使用 npx vercel 部署...
Retrieving project…
Deploying chenyz912-9229s-projects/clawmi-site
Inspect: https://vercel.com/chenyz912-9229s-projects/clawmi-site/BjwEvutPE2V7eAogeLByJziEC31E [2s]
Production: https://clawmi-site-ce7mdkkfj-chenyz912-9229s-projects.vercel.app [2s]
https://clawmi-site-ce7mdkkfj-chenyz912-9229s-projects.vercel.appBuilding...
Building...
Building: Running build in Washington, D.C., USA (East) – iad1
Building: Build machine configuration: 2 cores, 8 GB
Building: Retrieving list of deployment files...
Building: Downloading 31 deployment files...
Building: Restored build cache from previous deployment (D5QBJ1y6zVvn2twT7ratJFqnryXe)
Building: Running "vercel build"
Building: Vercel CLI 50.35.0
Building: Running "install" command: `npm install`...
Building: up to date, audited 114 packages in 2s
Building: 30 packages are looking for funding
Building: run `npm fund` for details
Building: 2 vulnerabilities (1 moderate, 1 high)
Building: To address all issues, run:
Building: npm audit fix
Building: Run `npm audit` for details.
Building: Detected Next.js version: 16.1.6
Building: Running "npm run build"
Building: > clawmi@1.0.0 build
Building: > next build
Building: ▲ Next.js 16.1.6 (Turbopack)
Building: Creating an optimized production build ...
Building: ✓ Compiled successfully in 5.9s
Building: Skipping validation of types
Building: Collecting page data using 1 worker ...
Building: Generating static pages using 1 worker (0/3) ...
Building: ✓ Generating static pages using 1 worker (3/3) in 103.6ms
Building: Finalizing page optimization ...
Building: Route (app)
Building: ┌ ○ /
Building: └ ○ /_not-found
Building: ○  (Static)  prerendered as static content
Building: Notice: detected `next export`, this de-opts some Next.js features
Building: See more info: https://nextjs.org/docs/advanced-features/static-html-export
Building: Build Completed in /vercel/output [12s]
Building: Deploying outputs...
Building: Deployment completed
Building: Creating build cache...
[2K[1A[2K[GProduction: https://clawmi-site-ce7mdkkfj-chenyz912-9229s-projects.vercel.app [23s]
Completing...
Aliased: https://clawmi-site.vercel.app [23s]
[2026-03-27 18:04:16] ✅ Vercel 部署完成
[2026-03-27 18:04:16] 📢 Step 5: 发送完成通知...
[2026-03-27 18:04:16] ==========================================
[2026-03-27 18:04:16] ✅ 网站日记更新任务完成
[2026-03-27 18:04:16] 日志文件: /Volumes/My house/Users/Sheldon/.openclaw/workspace/xiao-mi/logs/diary-update-20260327.log
[2026-03-27 18:04:16] ==========================================
