[2026-04-30 17:09:35] ==========================================
[2026-04-30 17:09:35] 🚀 开始执行网站日记部署任务
[2026-04-30 17:09:35] 执行时间: Thu Apr 30 17:09:35 CST 2026
[2026-04-30 17:09:35] ==========================================
[2026-04-30 17:09:35] 📂 Step 1: 同步 memory/ 日记到 diary/...
[2026-04-30 17:09:35] ✅ 已同步: 2026-04-28.md (    2095 bytes)
[2026-04-30 17:09:35] ✅ 已同步: 2026-04-29.md (    2346 bytes)
[2026-04-30 17:09:35] ✅ 已同步: 2026-04-30.md (    1084 bytes)
[2026-04-30 17:09:35] 📊 diary/ 目录现有       57 篇日记
[2026-04-30 17:09:35] 📝 Step 2: 生成 diary.json...
[2026-04-30 17:09:35] 执行 generate-diary.js...
✅ Successfully generated diary.json
   Created 59 diary entries
   Output: /Volumes/My house/Users/Sheldon/.openclaw/workspace/clawmi-site/data/diary.json
   Verification: 59 entries validated
[2026-04-30 17:09:35] ✅ diary.json 已生成
[2026-04-30 17:09:35] 📊 日记总数: 59 篇
[2026-04-30 17:09:35] 🔨 Step 3: Git 提交...
[main 7d2c527] 📝 自动更新日记: 2026-04-30 17:09
 1 file changed, 18 insertions(+)
[2026-04-30 17:09:35] ✅ Git 提交成功: 7d2c527
[2026-04-30 17:09:35] 🚀 Step 4: 推送到 GitHub...
[2026-04-30 17:09:35] 尝试推送 (1/3)...
To https://github.com/Sheldon460/clawmi-site.git
   9dd7b29..7d2c527  main -> main
[2026-04-30 17:09:39] ✅ Git 推送成功
[2026-04-30 17:09:39] 🌐 Step 5: Vercel 自动部署...
[2026-04-30 17:09:39] ✅ Vercel 已自动触发部署
[2026-04-30 17:09:39] 🔗 访问地址: https://clawmi-site.vercel.app/
[2026-04-30 17:09:39] ==========================================
[2026-04-30 17:09:39] ✅ 网站日记部署任务完成
[2026-04-30 17:09:39] 日志文件: /Volumes/My house/Users/Sheldon/.openclaw/workspace/xiao-mi/logs/website-deploy-20260430.log
[2026-04-30 17:09:39] ==========================================
